<?xml version="1.0" encoding="UTF-8"?>
<coverage generated="1385345881">
  <project timestamp="1385345881">
    <file name="/Users/Erick/github/wusic_admin/application/config/application.php">
      <line num="3" type="stmt" count="2"/>
      <line num="26" type="stmt" count="2"/>
      <line num="27" type="stmt" count="2"/>
      <line num="28" type="stmt" count="2"/>
      <line num="29" type="stmt" count="2"/>
      <line num="35" type="stmt" count="2"/>
      <line num="36" type="stmt" count="2"/>
      <line num="37" type="stmt" count="2"/>
      <line num="47" type="stmt" count="2"/>
      <line num="64" type="stmt" count="2"/>
      <line num="80" type="stmt" count="2"/>
      <line num="90" type="stmt" count="2"/>
      <line num="102" type="stmt" count="2"/>
      <line num="114" type="stmt" count="2"/>
      <line num="130" type="stmt" count="2"/>
      <line num="141" type="stmt" count="2"/>
      <line num="150" type="stmt" count="2"/>
      <line num="160" type="stmt" count="2"/>
      <line num="174" type="stmt" count="2"/>
      <line num="188" type="stmt" count="2"/>
      <line num="201" type="stmt" count="2"/>
      <line num="211" type="stmt" count="2"/>
      <line num="212" type="stmt" count="2"/>
      <line num="213" type="stmt" count="2"/>
      <line num="215" type="stmt" count="2"/>
      <line num="222" type="stmt" count="2"/>
      <line num="223" type="stmt" count="2"/>
      <line num="229" type="stmt" count="2"/>
      <line num="239" type="stmt" count="2"/>
      <line num="245" type="stmt" count="2"/>
      <line num="246" type="stmt" count="2"/>
      <line num="252" type="stmt" count="2"/>
      <line num="261" type="stmt" count="2"/>
      <line num="269" type="stmt" count="2"/>
      <line num="278" type="stmt" count="2"/>
      <line num="283" type="stmt" count="2"/>
      <line num="284" type="stmt" count="2"/>
      <metrics loc="283" ncloc="31" classes="0" methods="0" coveredmethods="0" conditionals="0" coveredconditionals="0" statements="36" coveredstatements="36" elements="36" coveredelements="36"/>
    </file>
    <file name="/Users/Erick/github/wusic_admin/application/config/autoload.php">
      <line num="40" type="stmt" count="2"/>
      <line num="55" type="stmt" count="2"/>
      <line num="67" type="stmt" count="2"/>
      <line num="83" type="stmt" count="2"/>
      <line num="99" type="stmt" count="2"/>
      <line num="112" type="stmt" count="2"/>
      <line num="116" type="stmt" count="2"/>
      <metrics loc="115" ncloc="25" classes="0" methods="0" coveredmethods="0" conditionals="0" coveredconditionals="0" statements="6" coveredstatements="6" elements="6" coveredelements="6"/>
    </file>
    <file name="/Users/Erick/github/wusic_admin/application/config/development/config.php">
      <line num="17" type="stmt" count="2"/>
      <line num="29" type="stmt" count="2"/>
      <line num="47" type="stmt" count="2"/>
      <line num="60" type="stmt" count="2"/>
      <line num="72" type="stmt" count="2"/>
      <line num="83" type="stmt" count="2"/>
      <line num="94" type="stmt" count="2"/>
      <line num="109" type="stmt" count="2"/>
      <line num="129" type="stmt" count="2"/>
      <line num="157" type="stmt" count="2"/>
      <line num="158" type="stmt" count="2"/>
      <line num="159" type="stmt" count="2"/>
      <line num="160" type="stmt" count="2"/>
      <line num="161" type="stmt" count="2"/>
      <line num="183" type="stmt" count="2"/>
      <line num="194" type="stmt" count="2"/>
      <line num="205" type="stmt" count="2"/>
      <line num="216" type="stmt" count="2"/>
      <line num="227" type="stmt" count="2"/>
      <line num="247" type="stmt" count="2"/>
      <line num="248" type="stmt" count="2"/>
      <line num="249" type="stmt" count="2"/>
      <line num="250" type="stmt" count="2"/>
      <line num="251" type="stmt" count="2"/>
      <line num="252" type="stmt" count="2"/>
      <line num="253" type="stmt" count="2"/>
      <line num="254" type="stmt" count="2"/>
      <line num="255" type="stmt" count="2"/>
      <line num="268" type="stmt" count="2"/>
      <line num="269" type="stmt" count="2"/>
      <line num="270" type="stmt" count="2"/>
      <line num="271" type="stmt" count="2"/>
      <line num="282" type="stmt" count="2"/>
      <line num="296" type="stmt" count="2"/>
      <line num="297" type="stmt" count="2"/>
      <line num="298" type="stmt" count="2"/>
      <line num="299" type="stmt" count="2"/>
      <line num="318" type="stmt" count="2"/>
      <line num="331" type="stmt" count="2"/>
      <line num="344" type="stmt" count="2"/>
      <line num="358" type="stmt" count="2"/>
      <line num="363" type="stmt" count="2"/>
      <metrics loc="362" ncloc="71" classes="0" methods="0" coveredmethods="0" conditionals="0" coveredconditionals="0" statements="41" coveredstatements="41" elements="41" coveredelements="41"/>
    </file>
    <file name="/Users/Erick/github/wusic_admin/application/config/development/constants.php">
      <line num="16" type="stmt" count="2"/>
      <line num="17" type="stmt" count="2"/>
      <line num="18" type="stmt" count="2"/>
      <line num="19" type="stmt" count="2"/>
      <line num="30" type="stmt" count="2"/>
      <line num="31" type="stmt" count="2"/>
      <line num="32" type="stmt" count="2"/>
      <line num="33" type="stmt" count="2"/>
      <line num="34" type="stmt" count="2"/>
      <line num="35" type="stmt" count="2"/>
      <line num="36" type="stmt" count="2"/>
      <line num="37" type="stmt" count="2"/>
      <line num="40" type="stmt" count="2"/>
      <line num="43" type="stmt" count="2"/>
      <line num="44" type="stmt" count="2"/>
      <line num="45" type="stmt" count="2"/>
      <line num="46" type="stmt" count="2"/>
      <line num="48" type="stmt" count="2"/>
      <line num="49" type="stmt" count="2"/>
      <line num="52" type="stmt" count="2"/>
      <line num="54" type="stmt" count="2"/>
      <line num="55" type="stmt" count="2"/>
      <line num="56" type="stmt" count="2"/>
      <line num="58" type="stmt" count="2"/>
      <line num="59" type="stmt" count="2"/>
      <line num="62" type="stmt" count="2"/>
      <line num="63" type="stmt" count="2"/>
      <line num="64" type="stmt" count="2"/>
      <line num="65" type="stmt" count="2"/>
      <line num="66" type="stmt" count="2"/>
      <line num="67" type="stmt" count="2"/>
      <line num="68" type="stmt" count="2"/>
      <line num="69" type="stmt" count="2"/>
      <line num="70" type="stmt" count="2"/>
      <line num="71" type="stmt" count="2"/>
      <line num="74" type="stmt" count="2"/>
      <line num="75" type="stmt" count="2"/>
      <line num="76" type="stmt" count="2"/>
      <line num="79" type="stmt" count="2"/>
      <metrics loc="78" ncloc="47" classes="0" methods="0" coveredmethods="0" conditionals="0" coveredconditionals="0" statements="38" coveredstatements="38" elements="38" coveredelements="38"/>
    </file>
    <file name="/Users/Erick/github/wusic_admin/application/config/mimes.php">
      <line num="11" type="stmt" count="2"/>
      <line num="12" type="stmt" count="2"/>
      <line num="13" type="stmt" count="2"/>
      <line num="14" type="stmt" count="2"/>
      <line num="15" type="stmt" count="2"/>
      <line num="16" type="stmt" count="2"/>
      <line num="17" type="stmt" count="2"/>
      <line num="18" type="stmt" count="2"/>
      <line num="19" type="stmt" count="2"/>
      <line num="20" type="stmt" count="2"/>
      <line num="21" type="stmt" count="2"/>
      <line num="22" type="stmt" count="2"/>
      <line num="23" type="stmt" count="2"/>
      <line num="24" type="stmt" count="2"/>
      <line num="25" type="stmt" count="2"/>
      <line num="26" type="stmt" count="2"/>
      <line num="27" type="stmt" count="2"/>
      <line num="28" type="stmt" count="2"/>
      <line num="29" type="stmt" count="2"/>
      <line num="30" type="stmt" count="2"/>
      <line num="31" type="stmt" count="2"/>
      <line num="32" type="stmt" count="2"/>
      <line num="33" type="stmt" count="2"/>
      <line num="34" type="stmt" count="2"/>
      <line num="35" type="stmt" count="2"/>
      <line num="36" type="stmt" count="2"/>
      <line num="37" type="stmt" count="2"/>
      <line num="38" type="stmt" count="2"/>
      <line num="39" type="stmt" count="2"/>
      <line num="40" type="stmt" count="2"/>
      <line num="41" type="stmt" count="2"/>
      <line num="42" type="stmt" count="2"/>
      <line num="43" type="stmt" count="2"/>
      <line num="44" type="stmt" count="2"/>
      <line num="45" type="stmt" count="2"/>
      <line num="46" type="stmt" count="2"/>
      <line num="47" type="stmt" count="2"/>
      <line num="48" type="stmt" count="2"/>
      <line num="49" type="stmt" count="2"/>
      <line num="50" type="stmt" count="2"/>
      <line num="51" type="stmt" count="2"/>
      <line num="52" type="stmt" count="2"/>
      <line num="53" type="stmt" count="2"/>
      <line num="54" type="stmt" count="2"/>
      <line num="55" type="stmt" count="2"/>
      <line num="56" type="stmt" count="2"/>
      <line num="57" type="stmt" count="2"/>
      <line num="58" type="stmt" count="2"/>
      <line num="59" type="stmt" count="2"/>
      <line num="60" type="stmt" count="2"/>
      <line num="61" type="stmt" count="2"/>
      <line num="62" type="stmt" count="2"/>
      <line num="63" type="stmt" count="2"/>
      <line num="64" type="stmt" count="2"/>
      <line num="65" type="stmt" count="2"/>
      <line num="66" type="stmt" count="2"/>
      <line num="67" type="stmt" count="2"/>
      <line num="68" type="stmt" count="2"/>
      <line num="69" type="stmt" count="2"/>
      <line num="70" type="stmt" count="2"/>
      <line num="71" type="stmt" count="2"/>
      <line num="72" type="stmt" count="2"/>
      <line num="73" type="stmt" count="2"/>
      <line num="74" type="stmt" count="2"/>
      <line num="75" type="stmt" count="2"/>
      <line num="76" type="stmt" count="2"/>
      <line num="77" type="stmt" count="2"/>
      <line num="78" type="stmt" count="2"/>
      <line num="79" type="stmt" count="2"/>
      <line num="80" type="stmt" count="2"/>
      <line num="81" type="stmt" count="2"/>
      <line num="82" type="stmt" count="2"/>
      <line num="83" type="stmt" count="2"/>
      <line num="84" type="stmt" count="2"/>
      <line num="85" type="stmt" count="2"/>
      <line num="86" type="stmt" count="2"/>
      <line num="87" type="stmt" count="2"/>
      <line num="88" type="stmt" count="2"/>
      <line num="89" type="stmt" count="2"/>
      <line num="90" type="stmt" count="2"/>
      <line num="91" type="stmt" count="2"/>
      <line num="92" type="stmt" count="2"/>
      <line num="93" type="stmt" count="2"/>
      <line num="94" type="stmt" count="2"/>
      <line num="95" type="stmt" count="2"/>
      <line num="96" type="stmt" count="2"/>
      <line num="97" type="stmt" count="2"/>
      <line num="98" type="stmt" count="2"/>
      <line num="99" type="stmt" count="2"/>
      <line num="100" type="stmt" count="2"/>
      <line num="101" type="stmt" count="2"/>
      <line num="102" type="stmt" count="2"/>
      <line num="107" type="stmt" count="2"/>
      <metrics loc="106" ncloc="96" classes="0" methods="0" coveredmethods="0" conditionals="0" coveredconditionals="0" statements="92" coveredstatements="92" elements="92" coveredelements="92"/>
    </file>
    <file name="/Users/Erick/github/wusic_admin/application/config/routes.php">
      <line num="41" type="stmt" count="2"/>
      <line num="42" type="stmt" count="2"/>
      <line num="44" type="stmt" count="2"/>
      <line num="48" type="stmt" count="2"/>
      <metrics loc="47" ncloc="7" classes="0" methods="0" coveredmethods="0" conditionals="0" coveredconditionals="0" statements="3" coveredstatements="3" elements="3" coveredelements="3"/>
    </file>
    <file name="/Users/Erick/github/wusic_admin/application/config/user_agents.php">
      <line num="14" type="stmt" count="2"/>
      <line num="15" type="stmt" count="2"/>
      <line num="16" type="stmt" count="2"/>
      <line num="17" type="stmt" count="2"/>
      <line num="18" type="stmt" count="2"/>
      <line num="19" type="stmt" count="2"/>
      <line num="20" type="stmt" count="2"/>
      <line num="21" type="stmt" count="2"/>
      <line num="22" type="stmt" count="2"/>
      <line num="23" type="stmt" count="2"/>
      <line num="24" type="stmt" count="2"/>
      <line num="25" type="stmt" count="2"/>
      <line num="26" type="stmt" count="2"/>
      <line num="27" type="stmt" count="2"/>
      <line num="28" type="stmt" count="2"/>
      <line num="29" type="stmt" count="2"/>
      <line num="30" type="stmt" count="2"/>
      <line num="31" type="stmt" count="2"/>
      <line num="32" type="stmt" count="2"/>
      <line num="33" type="stmt" count="2"/>
      <line num="34" type="stmt" count="2"/>
      <line num="35" type="stmt" count="2"/>
      <line num="36" type="stmt" count="2"/>
      <line num="37" type="stmt" count="2"/>
      <line num="38" type="stmt" count="2"/>
      <line num="39" type="stmt" count="2"/>
      <line num="40" type="stmt" count="2"/>
      <line num="41" type="stmt" count="2"/>
      <line num="42" type="stmt" count="2"/>
      <line num="43" type="stmt" count="2"/>
      <line num="45" type="stmt" count="2"/>
      <line num="51" type="stmt" count="2"/>
      <line num="52" type="stmt" count="2"/>
      <line num="53" type="stmt" count="2"/>
      <line num="54" type="stmt" count="2"/>
      <line num="55" type="stmt" count="2"/>
      <line num="56" type="stmt" count="2"/>
      <line num="57" type="stmt" count="2"/>
      <line num="58" type="stmt" count="2"/>
      <line num="59" type="stmt" count="2"/>
      <line num="60" type="stmt" count="2"/>
      <line num="61" type="stmt" count="2"/>
      <line num="62" type="stmt" count="2"/>
      <line num="63" type="stmt" count="2"/>
      <line num="64" type="stmt" count="2"/>
      <line num="65" type="stmt" count="2"/>
      <line num="66" type="stmt" count="2"/>
      <line num="67" type="stmt" count="2"/>
      <line num="68" type="stmt" count="2"/>
      <line num="69" type="stmt" count="2"/>
      <line num="70" type="stmt" count="2"/>
      <line num="71" type="stmt" count="2"/>
      <line num="73" type="stmt" count="2"/>
      <line num="77" type="stmt" count="2"/>
      <line num="82" type="stmt" count="2"/>
      <line num="86" type="stmt" count="2"/>
      <line num="93" type="stmt" count="2"/>
      <line num="94" type="stmt" count="2"/>
      <line num="95" type="stmt" count="2"/>
      <line num="96" type="stmt" count="2"/>
      <line num="97" type="stmt" count="2"/>
      <line num="98" type="stmt" count="2"/>
      <line num="99" type="stmt" count="2"/>
      <line num="100" type="stmt" count="2"/>
      <line num="101" type="stmt" count="2"/>
      <line num="102" type="stmt" count="2"/>
      <line num="103" type="stmt" count="2"/>
      <line num="104" type="stmt" count="2"/>
      <line num="105" type="stmt" count="2"/>
      <line num="106" type="stmt" count="2"/>
      <line num="107" type="stmt" count="2"/>
      <line num="108" type="stmt" count="2"/>
      <line num="109" type="stmt" count="2"/>
      <line num="110" type="stmt" count="2"/>
      <line num="111" type="stmt" count="2"/>
      <line num="112" type="stmt" count="2"/>
      <line num="113" type="stmt" count="2"/>
      <line num="114" type="stmt" count="2"/>
      <line num="115" type="stmt" count="2"/>
      <line num="116" type="stmt" count="2"/>
      <line num="117" type="stmt" count="2"/>
      <line num="118" type="stmt" count="2"/>
      <line num="119" type="stmt" count="2"/>
      <line num="120" type="stmt" count="2"/>
      <line num="121" type="stmt" count="2"/>
      <line num="122" type="stmt" count="2"/>
      <line num="123" type="stmt" count="2"/>
      <line num="124" type="stmt" count="2"/>
      <line num="125" type="stmt" count="2"/>
      <line num="126" type="stmt" count="2"/>
      <line num="129" type="stmt" count="2"/>
      <line num="130" type="stmt" count="2"/>
      <line num="131" type="stmt" count="2"/>
      <line num="132" type="stmt" count="2"/>
      <line num="133" type="stmt" count="2"/>
      <line num="134" type="stmt" count="2"/>
      <line num="137" type="stmt" count="2"/>
      <line num="138" type="stmt" count="2"/>
      <line num="139" type="stmt" count="2"/>
      <line num="140" type="stmt" count="2"/>
      <line num="141" type="stmt" count="2"/>
      <line num="142" type="stmt" count="2"/>
      <line num="145" type="stmt" count="2"/>
      <line num="146" type="stmt" count="2"/>
      <line num="147" type="stmt" count="2"/>
      <line num="148" type="stmt" count="2"/>
      <line num="149" type="stmt" count="2"/>
      <line num="150" type="stmt" count="2"/>
      <line num="151" type="stmt" count="2"/>
      <line num="154" type="stmt" count="2"/>
      <line num="155" type="stmt" count="2"/>
      <line num="156" type="stmt" count="2"/>
      <line num="157" type="stmt" count="2"/>
      <line num="158" type="stmt" count="2"/>
      <line num="159" type="stmt" count="2"/>
      <line num="160" type="stmt" count="2"/>
      <line num="161" type="stmt" count="2"/>
      <line num="163" type="stmt" count="2"/>
      <line num="167" type="stmt" count="2"/>
      <line num="168" type="stmt" count="2"/>
      <line num="169" type="stmt" count="2"/>
      <line num="170" type="stmt" count="2"/>
      <line num="171" type="stmt" count="2"/>
      <line num="172" type="stmt" count="2"/>
      <line num="173" type="stmt" count="2"/>
      <line num="175" type="stmt" count="2"/>
      <line num="178" type="stmt" count="2"/>
      <metrics loc="177" ncloc="125" classes="0" methods="0" coveredmethods="0" conditionals="0" coveredconditionals="0" statements="126" coveredstatements="126" elements="126" coveredelements="126"/>
    </file>
    <file name="/Users/Erick/github/wusic_admin/application/controllers/home.php">
      <class name="Home" namespace="global">
        <metrics methods="3" coveredmethods="1" conditionals="0" coveredconditionals="0" statements="35" coveredstatements="5" elements="38" coveredelements="6"/>
      </class>
      <line num="5" type="method" name="index" crap="2.02" count="2"/>
      <line num="6" type="stmt" count="2"/>
      <line num="7" type="stmt" count="2"/>
      <line num="8" type="stmt" count="2"/>
      <line num="9" type="stmt" count="0"/>
      <line num="12" type="stmt" count="2"/>
      <line num="13" type="stmt" count="2"/>
      <line num="15" type="method" name="signin" crap="72" count="0"/>
      <line num="16" type="stmt" count="0"/>
      <line num="17" type="stmt" count="0"/>
      <line num="18" type="stmt" count="0"/>
      <line num="19" type="stmt" count="0"/>
      <line num="21" type="stmt" count="0"/>
      <line num="22" type="stmt" count="0"/>
      <line num="23" type="stmt" count="0"/>
      <line num="24" type="stmt" count="0"/>
      <line num="26" type="stmt" count="0"/>
      <line num="27" type="stmt" count="0"/>
      <line num="29" type="stmt" count="0"/>
      <line num="30" type="stmt" count="0"/>
      <line num="33" type="stmt" count="0"/>
      <line num="34" type="stmt" count="0"/>
      <line num="35" type="stmt" count="0"/>
      <line num="36" type="stmt" count="0"/>
      <line num="37" type="stmt" count="0"/>
      <line num="38" type="stmt" count="0"/>
      <line num="39" type="stmt" count="0"/>
      <line num="40" type="stmt" count="0"/>
      <line num="41" type="stmt" count="0"/>
      <line num="42" type="stmt" count="0"/>
      <line num="43" type="stmt" count="0"/>
      <line num="44" type="stmt" count="0"/>
      <line num="47" type="stmt" count="0"/>
      <line num="48" type="stmt" count="0"/>
      <line num="50" type="method" name="logout" crap="2" count="0"/>
      <line num="51" type="stmt" count="0"/>
      <line num="52" type="stmt" count="0"/>
      <line num="53" type="stmt" count="0"/>
      <line num="57" type="stmt" count="2"/>
      <metrics loc="56" ncloc="54" classes="1" methods="3" coveredmethods="0" conditionals="0" coveredconditionals="0" statements="35" coveredstatements="5" elements="38" coveredelements="5"/>
    </file>
    <file name="/Users/Erick/github/wusic_admin/application/core/Base_Controller.php">
      <class name="Base_Controller" namespace="global" fullPackage="Base">
        <metrics methods="5" coveredmethods="1" conditionals="0" coveredconditionals="0" statements="52" coveredstatements="3" elements="57" coveredelements="4"/>
      </class>
      <line num="10" type="method" name="__construct" crap="1" count="2"/>
      <line num="12" type="stmt" count="2"/>
      <line num="13" type="stmt" count="2"/>
      <line num="14" type="stmt" count="2"/>
      <line num="16" type="method" name="generateRandomString" crap="6" count="0"/>
      <line num="17" type="stmt" count="0"/>
      <line num="18" type="stmt" count="0"/>
      <line num="19" type="stmt" count="0"/>
      <line num="20" type="stmt" count="0"/>
      <line num="21" type="stmt" count="0"/>
      <line num="22" type="stmt" count="0"/>
      <line num="25" type="method" name="debug" crap="2" count="0"/>
      <line num="26" type="stmt" count="0"/>
      <line num="27" type="stmt" count="0"/>
      <line num="28" type="stmt" count="0"/>
      <line num="29" type="stmt" count="0"/>
      <line num="36" type="method" name="response" crap="72" count="0"/>
      <line num="38" type="stmt" count="0"/>
      <line num="42" type="stmt" count="0"/>
      <line num="43" type="stmt" count="0"/>
      <line num="44" type="stmt" count="0"/>
      <line num="46" type="stmt" count="0"/>
      <line num="47" type="stmt" count="0"/>
      <line num="48" type="stmt" count="0"/>
      <line num="50" type="stmt" count="0"/>
      <line num="51" type="stmt" count="0"/>
      <line num="52" type="stmt" count="0"/>
      <line num="54" type="stmt" count="0"/>
      <line num="55" type="stmt" count="0"/>
      <line num="56" type="stmt" count="0"/>
      <line num="58" type="stmt" count="0"/>
      <line num="59" type="stmt" count="0"/>
      <line num="60" type="stmt" count="0"/>
      <line num="62" type="stmt" count="0"/>
      <line num="63" type="stmt" count="0"/>
      <line num="64" type="stmt" count="0"/>
      <line num="65" type="stmt" count="0"/>
      <line num="67" type="stmt" count="0"/>
      <line num="68" type="stmt" count="0"/>
      <line num="70" type="stmt" count="0"/>
      <line num="71" type="stmt" count="0"/>
      <line num="72" type="stmt" count="0"/>
      <line num="76" type="stmt" count="0"/>
      <line num="77" type="stmt" count="0"/>
      <line num="81" type="stmt" count="0"/>
      <line num="87" type="stmt" count="0"/>
      <line num="88" type="stmt" count="0"/>
      <line num="90" type="method" name="getError" crap="20" count="0"/>
      <line num="91" type="stmt" count="0"/>
      <line num="93" type="stmt" count="0"/>
      <line num="94" type="stmt" count="0"/>
      <line num="95" type="stmt" count="0"/>
      <line num="96" type="stmt" count="0"/>
      <line num="97" type="stmt" count="0"/>
      <line num="98" type="stmt" count="0"/>
      <line num="101" type="stmt" count="0"/>
      <line num="103" type="stmt" count="0"/>
      <metrics loc="104" ncloc="88" classes="1" methods="5" coveredmethods="1" conditionals="0" coveredconditionals="0" statements="52" coveredstatements="3" elements="57" coveredelements="4"/>
    </file>
    <file name="/Users/Erick/github/wusic_admin/application/core/Front_Controller.php">
      <class name="Front_Controller" namespace="global" fullPackage="Front">
        <metrics methods="10" coveredmethods="2" conditionals="0" coveredconditionals="0" statements="54" coveredstatements="18" elements="64" coveredelements="20"/>
      </class>
      <line num="5" type="method" name="__construct" crap="1" count="2"/>
      <line num="8" type="stmt" count="2"/>
      <line num="10" type="stmt" count="2"/>
      <line num="12" type="stmt" count="2"/>
      <line num="14" type="stmt" count="2"/>
      <line num="17" type="stmt" count="2"/>
      <line num="20" type="stmt" count="2"/>
      <line num="26" type="stmt" count="2"/>
      <line num="27" type="stmt" count="2"/>
      <line num="28" type="stmt" count="2"/>
      <line num="29" type="stmt" count="2"/>
      <line num="30" type="stmt" count="2"/>
      <line num="32" type="stmt" count="2"/>
      <line num="35" type="stmt" count="2"/>
      <line num="38" type="stmt" count="2"/>
      <line num="39" type="stmt" count="2"/>
      <line num="40" type="stmt" count="2"/>
      <line num="41" type="stmt" count="2"/>
      <line num="43" type="method" name="setupFlashMessage" crap="2" count="0"/>
      <line num="44" type="stmt" count="0"/>
      <line num="45" type="stmt" count="0"/>
      <line num="46" type="stmt" count="0"/>
      <line num="47" type="stmt" count="0"/>
      <line num="50" type="method" name="requireLogin" crap="6" count="0"/>
      <line num="51" type="stmt" count="0"/>
      <line num="52" type="stmt" count="0"/>
      <line num="53" type="stmt" count="0"/>
      <line num="54" type="stmt" count="0"/>
      <line num="55" type="stmt" count="0"/>
      <line num="57" type="method" name="isLogin" crap="2" count="2"/>
      <line num="58" type="stmt" count="2"/>
      <line num="66" type="method" name="getPage" crap="6" count="0"/>
      <line num="67" type="stmt" count="0"/>
      <line num="69" type="stmt" count="0"/>
      <line num="70" type="stmt" count="0"/>
      <line num="73" type="stmt" count="0"/>
      <line num="76" type="method" name="getLimit" crap="6" count="0"/>
      <line num="77" type="stmt" count="0"/>
      <line num="79" type="stmt" count="0"/>
      <line num="80" type="stmt" count="0"/>
      <line num="83" type="stmt" count="0"/>
      <line num="86" type="method" name="getQuery" crap="2" count="0"/>
      <line num="87" type="stmt" count="0"/>
      <line num="90" type="method" name="getAccountId" crap="12" count="0"/>
      <line num="91" type="stmt" count="0"/>
      <line num="92" type="stmt" count="0"/>
      <line num="93" type="stmt" count="0"/>
      <line num="94" type="stmt" count="0"/>
      <line num="96" type="stmt" count="0"/>
      <line num="97" type="stmt" count="0"/>
      <line num="99" type="method" name="getAccountName" crap="12" count="0"/>
      <line num="100" type="stmt" count="0"/>
      <line num="101" type="stmt" count="0"/>
      <line num="102" type="stmt" count="0"/>
      <line num="103" type="stmt" count="0"/>
      <line num="105" type="stmt" count="0"/>
      <line num="106" type="stmt" count="0"/>
      <line num="108" type="method" name="getAccessToken" crap="12" count="0"/>
      <line num="109" type="stmt" count="0"/>
      <line num="110" type="stmt" count="0"/>
      <line num="111" type="stmt" count="0"/>
      <line num="112" type="stmt" count="0"/>
      <line num="114" type="stmt" count="0"/>
      <line num="115" type="stmt" count="0"/>
      <metrics loc="115" ncloc="93" classes="1" methods="10" coveredmethods="2" conditionals="0" coveredconditionals="0" statements="54" coveredstatements="18" elements="64" coveredelements="20"/>
    </file>
    <file name="/Users/Erick/github/wusic_admin/application/core/MY_Loader.php">
      <class name="MY_Loader" namespace="global" fullPackage="MY">
        <metrics methods="0" coveredmethods="0" conditionals="0" coveredconditionals="0" statements="0" coveredstatements="0" elements="0" coveredelements="0"/>
      </class>
      <line num="4" type="stmt" count="2"/>
      <line num="37" type="stmt" count="2"/>
      <metrics loc="5" ncloc="4" classes="1" methods="0" coveredmethods="0" conditionals="0" coveredconditionals="0" statements="1" coveredstatements="1" elements="1" coveredelements="1"/>
    </file>
    <file name="/Users/Erick/github/wusic_admin/application/core/MY_Router.php">
      <class name="MY_Router" namespace="global" fullPackage="MY">
        <metrics methods="0" coveredmethods="0" conditionals="0" coveredconditionals="0" statements="0" coveredstatements="0" elements="0" coveredelements="0"/>
      </class>
      <line num="4" type="stmt" count="2"/>
      <metrics loc="5" ncloc="4" classes="1" methods="0" coveredmethods="0" conditionals="0" coveredconditionals="0" statements="1" coveredstatements="1" elements="1" coveredelements="1"/>
    </file>
    <file name="/Users/Erick/github/wusic_admin/application/helpers/util_helper.php">
      <line num="3" type="stmt" count="2"/>
      <line num="4" type="stmt" count="2"/>
      <line num="5" type="stmt" count="2"/>
      <line num="8" type="stmt" count="0"/>
      <line num="9" type="stmt" count="0"/>
      <line num="11" type="stmt" count="0"/>
      <line num="12" type="stmt" count="0"/>
      <line num="13" type="stmt" count="0"/>
      <line num="16" type="stmt" count="0"/>
      <line num="17" type="stmt" count="0"/>
      <line num="19" type="stmt" count="0"/>
      <line num="21" type="stmt" count="2"/>
      <line num="23" type="stmt" count="2"/>
      <line num="24" type="stmt" count="2"/>
      <line num="25" type="stmt" count="2"/>
      <line num="28" type="stmt" count="0"/>
      <line num="29" type="stmt" count="0"/>
      <line num="30" type="stmt" count="0"/>
      <line num="31" type="stmt" count="0"/>
      <line num="32" type="stmt" count="0"/>
      <line num="33" type="stmt" count="2"/>
      <line num="35" type="stmt" count="2"/>
      <line num="36" type="stmt" count="2"/>
      <line num="37" type="stmt" count="2"/>
      <line num="39" type="stmt" count="0"/>
      <line num="41" type="stmt" count="0"/>
      <line num="42" type="stmt" count="0"/>
      <line num="43" type="stmt" count="0"/>
      <line num="44" type="stmt" count="0"/>
      <line num="45" type="stmt" count="0"/>
      <line num="46" type="stmt" count="0"/>
      <line num="47" type="stmt" count="0"/>
      <line num="48" type="stmt" count="0"/>
      <line num="49" type="stmt" count="0"/>
      <line num="50" type="stmt" count="0"/>
      <line num="51" type="stmt" count="0"/>
      <line num="52" type="stmt" count="0"/>
      <line num="54" type="stmt" count="0"/>
      <line num="56" type="stmt" count="2"/>
      <line num="57" type="stmt" count="2"/>
      <metrics loc="56" ncloc="52" classes="0" methods="0" coveredmethods="0" conditionals="0" coveredconditionals="0" statements="39" coveredstatements="12" elements="39" coveredelements="12"/>
    </file>
    <file name="/Users/Erick/github/wusic_admin/application/libraries/Assets.php">
      <class name="Assets" namespace="global" fullPackage="Bonfire.Libraries" category="Libraries" package="Bonfire" subpackage="Libraries">
        <metrics methods="20" coveredmethods="12" conditionals="0" coveredconditionals="0" statements="584" coveredstatements="173" elements="604" coveredelements="185"/>
      </class>
      <line num="153" type="method" name="__construct" crap="1" count="2"/>
      <line num="155" type="stmt" count="2"/>
      <line num="157" type="stmt" count="2"/>
      <line num="159" type="stmt" count="2"/>
      <line num="171" type="method" name="init" crap="2" count="2"/>
      <line num="180" type="stmt" count="2"/>
      <line num="181" type="stmt" count="2"/>
      <line num="182" type="stmt" count="2"/>
      <line num="183" type="stmt" count="2"/>
      <line num="186" type="stmt" count="2"/>
      <line num="187" type="stmt" count="2"/>
      <line num="189" type="stmt" count="2"/>
      <line num="191" type="stmt" count="2"/>
      <line num="209" type="method" name="set_globals" crap="2" count="0"/>
      <line num="211" type="stmt" count="0"/>
      <line num="213" type="stmt" count="0"/>
      <line num="238" type="method" name="css" crap="17.40" count="2"/>
      <line num="240" type="stmt" count="2"/>
      <line num="241" type="stmt" count="2"/>
      <line num="244" type="stmt" count="2"/>
      <line num="245" type="stmt" count="2"/>
      <line num="246" type="stmt" count="0"/>
      <line num="247" type="stmt" count="0"/>
      <line num="250" type="stmt" count="2"/>
      <line num="251" type="stmt" count="2"/>
      <line num="253" type="stmt" count="2"/>
      <line num="254" type="stmt" count="2"/>
      <line num="256" type="stmt" count="2"/>
      <line num="258" type="stmt" count="2"/>
      <line num="259" type="stmt" count="2"/>
      <line num="261" type="stmt" count="0"/>
      <line num="262" type="stmt" count="0"/>
      <line num="263" type="stmt" count="0"/>
      <line num="264" type="stmt" count="0"/>
      <line num="268" type="stmt" count="0"/>
      <line num="269" type="stmt" count="0"/>
      <line num="271" type="stmt" count="0"/>
      <line num="275" type="stmt" count="2"/>
      <line num="276" type="stmt" count="2"/>
      <line num="278" type="stmt" count="2"/>
      <line num="280" type="stmt" count="2"/>
      <line num="281" type="stmt" count="2"/>
      <line num="283" type="stmt" count="2"/>
      <line num="286" type="stmt" count="2"/>
      <line num="287" type="stmt" count="2"/>
      <line num="288" type="stmt" count="2"/>
      <line num="290" type="stmt" count="2"/>
      <line num="291" type="stmt" count="2"/>
      <line num="292" type="stmt" count="2"/>
      <line num="293" type="stmt" count="2"/>
      <line num="294" type="stmt" count="0"/>
      <line num="295" type="stmt" count="0"/>
      <line num="296" type="stmt" count="2"/>
      <line num="299" type="stmt" count="0"/>
      <line num="300" type="stmt" count="0"/>
      <line num="301" type="stmt" count="0"/>
      <line num="302" type="stmt" count="0"/>
      <line num="306" type="stmt" count="2"/>
      <line num="307" type="stmt" count="2"/>
      <line num="308" type="stmt" count="2"/>
      <line num="309" type="stmt" count="2"/>
      <line num="310" type="stmt" count="2"/>
      <line num="312" type="stmt" count="2"/>
      <line num="313" type="stmt" count="2"/>
      <line num="314" type="stmt" count="2"/>
      <line num="315" type="stmt" count="2"/>
      <line num="316" type="stmt" count="2"/>
      <line num="317" type="stmt" count="2"/>
      <line num="322" type="stmt" count="0"/>
      <line num="326" type="stmt" count="2"/>
      <line num="328" type="stmt" count="2"/>
      <line num="348" type="method" name="combine_css" crap="104.20" count="2"/>
      <line num="351" type="stmt" count="2"/>
      <line num="352" type="stmt" count="2"/>
      <line num="353" type="stmt" count="2"/>
      <line num="355" type="stmt" count="0"/>
      <line num="356" type="stmt" count="0"/>
      <line num="357" type="stmt" count="0"/>
      <line num="360" type="stmt" count="0"/>
      <line num="361" type="stmt" count="0"/>
      <line num="365" type="stmt" count="0"/>
      <line num="366" type="stmt" count="0"/>
      <line num="368" type="stmt" count="0"/>
      <line num="370" type="stmt" count="0"/>
      <line num="371" type="stmt" count="0"/>
      <line num="372" type="stmt" count="0"/>
      <line num="373" type="stmt" count="0"/>
      <line num="375" type="stmt" count="0"/>
      <line num="376" type="stmt" count="0"/>
      <line num="377" type="stmt" count="0"/>
      <line num="378" type="stmt" count="0"/>
      <line num="381" type="stmt" count="0"/>
      <line num="384" type="stmt" count="0"/>
      <line num="385" type="stmt" count="0"/>
      <line num="386" type="stmt" count="0"/>
      <line num="387" type="stmt" count="0"/>
      <line num="390" type="stmt" count="0"/>
      <line num="391" type="stmt" count="0"/>
      <line num="392" type="stmt" count="0"/>
      <line num="393" type="stmt" count="0"/>
      <line num="397" type="stmt" count="0"/>
      <line num="398" type="stmt" count="0"/>
      <line num="399" type="stmt" count="0"/>
      <line num="401" type="stmt" count="0"/>
      <line num="403" type="stmt" count="0"/>
      <line num="404" type="stmt" count="0"/>
      <line num="405" type="stmt" count="0"/>
      <line num="407" type="stmt" count="0"/>
      <line num="425" type="method" name="add_css" crap="13.12" count="2"/>
      <line num="427" type="stmt" count="2"/>
      <line num="430" type="stmt" count="2"/>
      <line num="431" type="stmt" count="2"/>
      <line num="432" type="stmt" count="0"/>
      <line num="433" type="stmt" count="0"/>
      <line num="436" type="stmt" count="2"/>
      <line num="437" type="stmt" count="2"/>
      <line num="438" type="stmt" count="2"/>
      <line num="439" type="stmt" count="2"/>
      <line num="441" type="stmt" count="2"/>
      <line num="442" type="stmt" count="2"/>
      <line num="444" type="stmt" count="0"/>
      <line num="445" type="stmt" count="0"/>
      <line num="446" type="stmt" count="0"/>
      <line num="448" type="stmt" count="0"/>
      <line num="449" type="stmt" count="0"/>
      <line num="451" type="stmt" count="0"/>
      <line num="452" type="stmt" count="0"/>
      <line num="453" type="stmt" count="0"/>
      <line num="455" type="stmt" count="2"/>
      <line num="471" type="method" name="add_module_css" crap="56" count="0"/>
      <line num="473" type="stmt" count="0"/>
      <line num="475" type="stmt" count="0"/>
      <line num="476" type="stmt" count="0"/>
      <line num="477" type="stmt" count="0"/>
      <line num="478" type="stmt" count="0"/>
      <line num="481" type="stmt" count="0"/>
      <line num="482" type="stmt" count="0"/>
      <line num="483" type="stmt" count="0"/>
      <line num="484" type="stmt" count="0"/>
      <line num="485" type="stmt" count="0"/>
      <line num="487" type="stmt" count="0"/>
      <line num="488" type="stmt" count="0"/>
      <line num="490" type="stmt" count="0"/>
      <line num="491" type="stmt" count="0"/>
      <line num="492" type="stmt" count="0"/>
      <line num="494" type="stmt" count="0"/>
      <line num="495" type="stmt" count="0"/>
      <line num="496" type="stmt" count="0"/>
      <line num="498" type="stmt" count="0"/>
      <line num="499" type="stmt" count="0"/>
      <line num="500" type="stmt" count="0"/>
      <line num="502" type="stmt" count="0"/>
      <line num="523" type="method" name="add_js" crap="25.86" count="2"/>
      <line num="525" type="stmt" count="2"/>
      <line num="527" type="stmt" count="2"/>
      <line num="529" type="stmt" count="2"/>
      <line num="530" type="stmt" count="2"/>
      <line num="531" type="stmt" count="2"/>
      <line num="532" type="stmt" count="2"/>
      <line num="534" type="stmt" count="2"/>
      <line num="535" type="stmt" count="0"/>
      <line num="536" type="stmt" count="0"/>
      <line num="539" type="stmt" count="2"/>
      <line num="541" type="stmt" count="2"/>
      <line num="542" type="stmt" count="2"/>
      <line num="543" type="stmt" count="0"/>
      <line num="544" type="stmt" count="0"/>
      <line num="545" type="stmt" count="0"/>
      <line num="548" type="stmt" count="0"/>
      <line num="550" type="stmt" count="0"/>
      <line num="551" type="stmt" count="0"/>
      <line num="552" type="stmt" count="0"/>
      <line num="553" type="stmt" count="0"/>
      <line num="554" type="stmt" count="0"/>
      <line num="557" type="stmt" count="0"/>
      <line num="558" type="stmt" count="0"/>
      <line num="559" type="stmt" count="0"/>
      <line num="562" type="stmt" count="0"/>
      <line num="564" type="stmt" count="0"/>
      <line num="566" type="stmt" count="2"/>
      <line num="581" type="method" name="add_module_js" crap="42" count="0"/>
      <line num="583" type="stmt" count="0"/>
      <line num="586" type="stmt" count="0"/>
      <line num="587" type="stmt" count="0"/>
      <line num="588" type="stmt" count="0"/>
      <line num="589" type="stmt" count="0"/>
      <line num="591" type="stmt" count="0"/>
      <line num="592" type="stmt" count="0"/>
      <line num="594" type="stmt" count="0"/>
      <line num="595" type="stmt" count="0"/>
      <line num="596" type="stmt" count="0"/>
      <line num="598" type="stmt" count="0"/>
      <line num="599" type="stmt" count="0"/>
      <line num="600" type="stmt" count="0"/>
      <line num="602" type="stmt" count="0"/>
      <line num="603" type="stmt" count="0"/>
      <line num="605" type="stmt" count="0"/>
      <line num="626" type="method" name="js" crap="4.84" count="2"/>
      <line num="628" type="stmt" count="2"/>
      <line num="629" type="stmt" count="2"/>
      <line num="633" type="stmt" count="2"/>
      <line num="634" type="stmt" count="2"/>
      <line num="635" type="stmt" count="0"/>
      <line num="636" type="stmt" count="0"/>
      <line num="639" type="stmt" count="2"/>
      <line num="640" type="stmt" count="2"/>
      <line num="641" type="stmt" count="0"/>
      <line num="643" type="stmt" count="0"/>
      <line num="644" type="stmt" count="0"/>
      <line num="645" type="stmt" count="0"/>
      <line num="648" type="stmt" count="2"/>
      <line num="649" type="stmt" count="2"/>
      <line num="650" type="stmt" count="2"/>
      <line num="652" type="stmt" count="2"/>
      <line num="680" type="method" name="external_js" crap="77.95" count="2"/>
      <line num="682" type="stmt" count="2"/>
      <line num="683" type="stmt" count="2"/>
      <line num="686" type="stmt" count="2"/>
      <line num="687" type="stmt" count="2"/>
      <line num="688" type="stmt" count="0"/>
      <line num="689" type="stmt" count="0"/>
      <line num="690" type="stmt" count="0"/>
      <line num="691" type="stmt" count="0"/>
      <line num="692" type="stmt" count="0"/>
      <line num="693" type="stmt" count="0"/>
      <line num="694" type="stmt" count="0"/>
      <line num="695" type="stmt" count="0"/>
      <line num="696" type="stmt" count="0"/>
      <line num="699" type="stmt" count="2"/>
      <line num="703" type="stmt" count="2"/>
      <line num="704" type="stmt" count="2"/>
      <line num="705" type="stmt" count="2"/>
      <line num="706" type="stmt" count="2"/>
      <line num="709" type="stmt" count="2"/>
      <line num="713" type="stmt" count="2"/>
      <line num="716" type="stmt" count="2"/>
      <line num="717" type="stmt" count="2"/>
      <line num="718" type="stmt" count="0"/>
      <line num="719" type="stmt" count="0"/>
      <line num="725" type="stmt" count="2"/>
      <line num="727" type="stmt" count="2"/>
      <line num="729" type="stmt" count="0"/>
      <line num="730" type="stmt" count="0"/>
      <line num="731" type="stmt" count="0"/>
      <line num="732" type="stmt" count="0"/>
      <line num="735" type="stmt" count="0"/>
      <line num="736" type="stmt" count="0"/>
      <line num="737" type="stmt" count="0"/>
      <line num="740" type="stmt" count="0"/>
      <line num="743" type="stmt" count="0"/>
      <line num="745" type="stmt" count="0"/>
      <line num="748" type="stmt" count="0"/>
      <line num="749" type="stmt" count="0"/>
      <line num="750" type="stmt" count="0"/>
      <line num="753" type="stmt" count="0"/>
      <line num="755" type="stmt" count="2"/>
      <line num="758" type="stmt" count="2"/>
      <line num="774" type="method" name="assets_url" crap="12" count="0"/>
      <line num="777" type="stmt" count="0"/>
      <line num="780" type="stmt" count="0"/>
      <line num="781" type="stmt" count="0"/>
      <line num="782" type="stmt" count="0"/>
      <line num="783" type="stmt" count="0"/>
      <line num="786" type="stmt" count="0"/>
      <line num="787" type="stmt" count="0"/>
      <line num="789" type="stmt" count="0"/>
      <line num="804" type="method" name="module_js" crap="11.28" count="2"/>
      <line num="806" type="stmt" count="2"/>
      <line num="807" type="stmt" count="2"/>
      <line num="808" type="stmt" count="2"/>
      <line num="811" type="stmt" count="0"/>
      <line num="815" type="stmt" count="0"/>
      <line num="820" type="stmt" count="0"/>
      <line num="823" type="stmt" count="0"/>
      <line num="825" type="stmt" count="0"/>
      <line num="828" type="stmt" count="0"/>
      <line num="829" type="stmt" count="0"/>
      <line num="830" type="stmt" count="0"/>
      <line num="833" type="stmt" count="0"/>
      <line num="836" type="stmt" count="0"/>
      <line num="854" type="method" name="inline_js" crap="6.80" count="2"/>
      <line num="857" type="stmt" count="2"/>
      <line num="858" type="stmt" count="2"/>
      <line num="859" type="stmt" count="2"/>
      <line num="862" type="stmt" count="0"/>
      <line num="865" type="stmt" count="0"/>
      <line num="866" type="stmt" count="0"/>
      <line num="870" type="stmt" count="0"/>
      <line num="872" type="stmt" count="0"/>
      <line num="873" type="stmt" count="0"/>
      <line num="876" type="stmt" count="0"/>
      <line num="877" type="stmt" count="0"/>
      <line num="879" type="stmt" count="0"/>
      <line num="898" type="method" name="combine_js" crap="90" count="0"/>
      <line num="901" type="stmt" count="0"/>
      <line num="902" type="stmt" count="0"/>
      <line num="903" type="stmt" count="0"/>
      <line num="906" type="stmt" count="0"/>
      <line num="908" type="stmt" count="0"/>
      <line num="909" type="stmt" count="0"/>
      <line num="912" type="stmt" count="0"/>
      <line num="915" type="stmt" count="0"/>
      <line num="918" type="stmt" count="0"/>
      <line num="919" type="stmt" count="0"/>
      <line num="920" type="stmt" count="0"/>
      <line num="921" type="stmt" count="0"/>
      <line num="922" type="stmt" count="0"/>
      <line num="923" type="stmt" count="0"/>
      <line num="924" type="stmt" count="0"/>
      <line num="926" type="stmt" count="0"/>
      <line num="928" type="stmt" count="0"/>
      <line num="929" type="stmt" count="0"/>
      <line num="930" type="stmt" count="0"/>
      <line num="931" type="stmt" count="0"/>
      <line num="933" type="stmt" count="0"/>
      <line num="936" type="stmt" count="0"/>
      <line num="937" type="stmt" count="0"/>
      <line num="938" type="stmt" count="0"/>
      <line num="940" type="stmt" count="0"/>
      <line num="961" type="method" name="image" crap="12" count="0"/>
      <line num="963" type="stmt" count="0"/>
      <line num="966" type="stmt" count="0"/>
      <line num="967" type="stmt" count="0"/>
      <line num="968" type="stmt" count="0"/>
      <line num="970" type="stmt" count="0"/>
      <line num="972" type="stmt" count="0"/>
      <line num="974" type="stmt" count="0"/>
      <line num="992" type="method" name="clear_cache" crap="2" count="0"/>
      <line num="994" type="stmt" count="0"/>
      <line num="996" type="stmt" count="0"/>
      <line num="998" type="stmt" count="0"/>
      <line num="1000" type="stmt" count="0"/>
      <line num="1020" type="method" name="attributes" crap="5.07" count="2"/>
      <line num="1022" type="stmt" count="2"/>
      <line num="1023" type="stmt" count="2"/>
      <line num="1024" type="stmt" count="0"/>
      <line num="1027" type="stmt" count="2"/>
      <line num="1028" type="stmt" count="2"/>
      <line num="1029" type="stmt" count="2"/>
      <line num="1030" type="stmt" count="2"/>
      <line num="1032" type="stmt" count="2"/>
      <line num="1033" type="stmt" count="2"/>
      <line num="1034" type="stmt" count="0"/>
      <line num="1037" type="stmt" count="2"/>
      <line num="1038" type="stmt" count="2"/>
      <line num="1039" type="stmt" count="2"/>
      <line num="1041" type="stmt" count="2"/>
      <line num="1082" type="method" name="generate_file" crap="380" count="0"/>
      <line num="1084" type="stmt" count="0"/>
      <line num="1085" type="stmt" count="0"/>
      <line num="1088" type="stmt" count="0"/>
      <line num="1092" type="stmt" count="0"/>
      <line num="1095" type="stmt" count="0"/>
      <line num="1097" type="stmt" count="0"/>
      <line num="1098" type="stmt" count="0"/>
      <line num="1099" type="stmt" count="0"/>
      <line num="1100" type="stmt" count="0"/>
      <line num="1102" type="stmt" count="0"/>
      <line num="1104" type="stmt" count="0"/>
      <line num="1105" type="stmt" count="0"/>
      <line num="1109" type="stmt" count="0"/>
      <line num="1110" type="stmt" count="0"/>
      <line num="1111" type="stmt" count="0"/>
      <line num="1112" type="stmt" count="0"/>
      <line num="1114" type="stmt" count="0"/>
      <line num="1118" type="stmt" count="0"/>
      <line num="1119" type="stmt" count="0"/>
      <line num="1120" type="stmt" count="0"/>
      <line num="1121" type="stmt" count="0"/>
      <line num="1122" type="stmt" count="0"/>
      <line num="1123" type="stmt" count="0"/>
      <line num="1126" type="stmt" count="0"/>
      <line num="1128" type="stmt" count="0"/>
      <line num="1129" type="stmt" count="0"/>
      <line num="1130" type="stmt" count="0"/>
      <line num="1134" type="stmt" count="0"/>
      <line num="1135" type="stmt" count="0"/>
      <line num="1138" type="stmt" count="0"/>
      <line num="1139" type="stmt" count="0"/>
      <line num="1140" type="stmt" count="0"/>
      <line num="1141" type="stmt" count="0"/>
      <line num="1145" type="stmt" count="0"/>
      <line num="1146" type="stmt" count="0"/>
      <line num="1148" type="stmt" count="0"/>
      <line num="1150" type="stmt" count="0"/>
      <line num="1151" type="stmt" count="0"/>
      <line num="1153" type="stmt" count="0"/>
      <line num="1155" type="stmt" count="0"/>
      <line num="1157" type="stmt" count="0"/>
      <line num="1158" type="stmt" count="0"/>
      <line num="1159" type="stmt" count="0"/>
      <line num="1160" type="stmt" count="0"/>
      <line num="1161" type="stmt" count="0"/>
      <line num="1165" type="stmt" count="0"/>
      <line num="1166" type="stmt" count="0"/>
      <line num="1167" type="stmt" count="0"/>
      <line num="1168" type="stmt" count="0"/>
      <line num="1169" type="stmt" count="0"/>
      <line num="1170" type="stmt" count="0"/>
      <line num="1171" type="stmt" count="0"/>
      <line num="1172" type="stmt" count="0"/>
      <line num="1173" type="stmt" count="0"/>
      <line num="1174" type="stmt" count="0"/>
      <line num="1175" type="stmt" count="0"/>
      <line num="1176" type="stmt" count="0"/>
      <line num="1177" type="stmt" count="0"/>
      <line num="1178" type="stmt" count="0"/>
      <line num="1180" type="stmt" count="0"/>
      <line num="1182" type="stmt" count="0"/>
      <line num="1184" type="stmt" count="0"/>
      <line num="1185" type="stmt" count="0"/>
      <line num="1186" type="stmt" count="0"/>
      <line num="1187" type="stmt" count="0"/>
      <line num="1189" type="stmt" count="0"/>
      <line num="1190" type="stmt" count="0"/>
      <line num="1191" type="stmt" count="0"/>
      <line num="1193" type="stmt" count="0"/>
      <line num="1194" type="stmt" count="0"/>
      <line num="1196" type="stmt" count="0"/>
      <line num="1199" type="stmt" count="0"/>
      <line num="1238" type="method" name="find_files" crap="1250.19" count="2"/>
      <line num="1241" type="stmt" count="2"/>
      <line num="1242" type="stmt" count="2"/>
      <line num="1243" type="stmt" count="2"/>
      <line num="1244" type="stmt" count="2"/>
      <line num="1246" type="stmt" count="2"/>
      <line num="1248" type="stmt" count="2"/>
      <line num="1249" type="stmt" count="2"/>
      <line num="1251" type="stmt" count="2"/>
      <line num="1252" type="stmt" count="2"/>
      <line num="1253" type="stmt" count="0"/>
      <line num="1254" type="stmt" count="0"/>
      <line num="1255" type="stmt" count="0"/>
      <line num="1256" type="stmt" count="0"/>
      <line num="1257" type="stmt" count="0"/>
      <line num="1259" type="stmt" count="2"/>
      <line num="1263" type="stmt" count="2"/>
      <line num="1264" type="stmt" count="2"/>
      <line num="1265" type="stmt" count="2"/>
      <line num="1266" type="stmt" count="2"/>
      <line num="1267" type="stmt" count="2"/>
      <line num="1268" type="stmt" count="2"/>
      <line num="1269" type="stmt" count="2"/>
      <line num="1270" type="stmt" count="0"/>
      <line num="1271" type="stmt" count="0"/>
      <line num="1272" type="stmt" count="0"/>
      <line num="1275" type="stmt" count="2"/>
      <line num="1276" type="stmt" count="2"/>
      <line num="1279" type="stmt" count="2"/>
      <line num="1282" type="stmt" count="2"/>
      <line num="1283" type="stmt" count="2"/>
      <line num="1284" type="stmt" count="0"/>
      <line num="1285" type="stmt" count="0"/>
      <line num="1288" type="stmt" count="2"/>
      <line num="1291" type="stmt" count="2"/>
      <line num="1292" type="stmt" count="2"/>
      <line num="1293" type="stmt" count="0"/>
      <line num="1294" type="stmt" count="0"/>
      <line num="1295" type="stmt" count="0"/>
      <line num="1297" type="stmt" count="0"/>
      <line num="1298" type="stmt" count="0"/>
      <line num="1299" type="stmt" count="0"/>
      <line num="1300" type="stmt" count="0"/>
      <line num="1302" type="stmt" count="0"/>
      <line num="1303" type="stmt" count="0"/>
      <line num="1305" type="stmt" count="0"/>
      <line num="1306" type="stmt" count="0"/>
      <line num="1307" type="stmt" count="0"/>
      <line num="1308" type="stmt" count="0"/>
      <line num="1309" type="stmt" count="0"/>
      <line num="1310" type="stmt" count="0"/>
      <line num="1311" type="stmt" count="0"/>
      <line num="1313" type="stmt" count="0"/>
      <line num="1315" type="stmt" count="0"/>
      <line num="1316" type="stmt" count="0"/>
      <line num="1317" type="stmt" count="0"/>
      <line num="1318" type="stmt" count="0"/>
      <line num="1320" type="stmt" count="0"/>
      <line num="1321" type="stmt" count="0"/>
      <line num="1322" type="stmt" count="0"/>
      <line num="1325" type="stmt" count="0"/>
      <line num="1327" type="stmt" count="0"/>
      <line num="1328" type="stmt" count="0"/>
      <line num="1329" type="stmt" count="0"/>
      <line num="1330" type="stmt" count="0"/>
      <line num="1331" type="stmt" count="0"/>
      <line num="1333" type="stmt" count="0"/>
      <line num="1334" type="stmt" count="0"/>
      <line num="1336" type="stmt" count="0"/>
      <line num="1342" type="stmt" count="2"/>
      <line num="1344" type="stmt" count="2"/>
      <line num="1345" type="stmt" count="0"/>
      <line num="1346" type="stmt" count="0"/>
      <line num="1348" type="stmt" count="0"/>
      <line num="1349" type="stmt" count="0"/>
      <line num="1350" type="stmt" count="0"/>
      <line num="1351" type="stmt" count="0"/>
      <line num="1352" type="stmt" count="0"/>
      <line num="1354" type="stmt" count="0"/>
      <line num="1356" type="stmt" count="0"/>
      <line num="1357" type="stmt" count="0"/>
      <line num="1359" type="stmt" count="2"/>
      <line num="1360" type="stmt" count="2"/>
      <line num="1368" type="stmt" count="2"/>
      <line num="1369" type="stmt" count="2"/>
      <line num="1370" type="stmt" count="0"/>
      <line num="1371" type="stmt" count="0"/>
      <line num="1372" type="stmt" count="0"/>
      <line num="1373" type="stmt" count="0"/>
      <line num="1375" type="stmt" count="0"/>
      <line num="1376" type="stmt" count="0"/>
      <line num="1377" type="stmt" count="0"/>
      <line num="1378" type="stmt" count="0"/>
      <line num="1379" type="stmt" count="0"/>
      <line num="1380" type="stmt" count="0"/>
      <line num="1382" type="stmt" count="0"/>
      <line num="1383" type="stmt" count="0"/>
      <line num="1385" type="stmt" count="0"/>
      <line num="1386" type="stmt" count="0"/>
      <line num="1390" type="stmt" count="2"/>
      <line num="1391" type="stmt" count="2"/>
      <line num="1392" type="stmt" count="0"/>
      <line num="1393" type="stmt" count="0"/>
      <line num="1394" type="stmt" count="0"/>
      <line num="1395" type="stmt" count="0"/>
      <line num="1397" type="stmt" count="0"/>
      <line num="1398" type="stmt" count="0"/>
      <line num="1399" type="stmt" count="0"/>
      <line num="1400" type="stmt" count="0"/>
      <line num="1401" type="stmt" count="0"/>
      <line num="1402" type="stmt" count="0"/>
      <line num="1404" type="stmt" count="0"/>
      <line num="1405" type="stmt" count="0"/>
      <line num="1407" type="stmt" count="0"/>
      <line num="1408" type="stmt" count="0"/>
      <line num="1409" type="stmt" count="2"/>
      <line num="1418" type="stmt" count="2"/>
      <line num="1419" type="stmt" count="2"/>
      <line num="1420" type="stmt" count="0"/>
      <line num="1421" type="stmt" count="0"/>
      <line num="1422" type="stmt" count="0"/>
      <line num="1423" type="stmt" count="0"/>
      <line num="1425" type="stmt" count="0"/>
      <line num="1426" type="stmt" count="0"/>
      <line num="1427" type="stmt" count="0"/>
      <line num="1428" type="stmt" count="0"/>
      <line num="1429" type="stmt" count="0"/>
      <line num="1430" type="stmt" count="0"/>
      <line num="1432" type="stmt" count="0"/>
      <line num="1433" type="stmt" count="0"/>
      <line num="1435" type="stmt" count="0"/>
      <line num="1436" type="stmt" count="0"/>
      <line num="1440" type="stmt" count="2"/>
      <line num="1441" type="stmt" count="2"/>
      <line num="1442" type="stmt" count="0"/>
      <line num="1443" type="stmt" count="0"/>
      <line num="1444" type="stmt" count="0"/>
      <line num="1445" type="stmt" count="0"/>
      <line num="1447" type="stmt" count="0"/>
      <line num="1448" type="stmt" count="0"/>
      <line num="1449" type="stmt" count="0"/>
      <line num="1450" type="stmt" count="0"/>
      <line num="1451" type="stmt" count="0"/>
      <line num="1452" type="stmt" count="0"/>
      <line num="1453" type="stmt" count="0"/>
      <line num="1454" type="stmt" count="0"/>
      <line num="1456" type="stmt" count="0"/>
      <line num="1457" type="stmt" count="0"/>
      <line num="1465" type="stmt" count="2"/>
      <line num="1466" type="stmt" count="2"/>
      <line num="1468" type="stmt" count="2"/>
      <line num="1469" type="stmt" count="2"/>
      <line num="1470" type="stmt" count="2"/>
      <line num="1471" type="stmt" count="2"/>
      <line num="1472" type="stmt" count="2"/>
      <line num="1473" type="stmt" count="2"/>
      <line num="1475" type="stmt" count="0"/>
      <line num="1476" type="stmt" count="0"/>
      <line num="1477" type="stmt" count="0"/>
      <line num="1478" type="stmt" count="0"/>
      <line num="1479" type="stmt" count="0"/>
      <line num="1480" type="stmt" count="0"/>
      <line num="1482" type="stmt" count="2"/>
      <line num="1484" type="stmt" count="2"/>
      <line num="1485" type="stmt" count="2"/>
      <line num="1493" type="stmt" count="2"/>
      <line num="1494" type="stmt" count="2"/>
      <line num="1495" type="stmt" count="0"/>
      <line num="1496" type="stmt" count="0"/>
      <line num="1497" type="stmt" count="0"/>
      <line num="1498" type="stmt" count="0"/>
      <line num="1500" type="stmt" count="0"/>
      <line num="1501" type="stmt" count="0"/>
      <line num="1502" type="stmt" count="0"/>
      <line num="1503" type="stmt" count="0"/>
      <line num="1504" type="stmt" count="0"/>
      <line num="1505" type="stmt" count="0"/>
      <line num="1507" type="stmt" count="0"/>
      <line num="1509" type="stmt" count="0"/>
      <line num="1510" type="stmt" count="0"/>
      <line num="1511" type="stmt" count="2"/>
      <line num="1512" type="stmt" count="2"/>
      <line num="1514" type="stmt" count="2"/>
      <line num="1516" type="stmt" count="2"/>
      <line num="1541" type="stmt" count="2"/>
      <line num="1543" type="stmt" count="0"/>
      <line num="1555" type="stmt" count="2"/>
      <line num="1557" type="stmt" count="0"/>
      <line num="1569" type="stmt" count="2"/>
      <line num="1571" type="stmt" count="0"/>
      <line num="1583" type="stmt" count="2"/>
      <line num="1585" type="stmt" count="0"/>
      <line num="1591" type="stmt" count="2"/>
      <metrics loc="1590" ncloc="816" classes="1" methods="20" coveredmethods="2" conditionals="0" coveredconditionals="0" statements="592" coveredstatements="177" elements="612" coveredelements="179"/>
    </file>
    <file name="/Users/Erick/github/wusic_admin/application/libraries/Template.php">
      <class name="Template" namespace="global" fullPackage="Bonfire.Libraries" category="Libraries" package="Bonfire" subpackage="Libraries">
        <metrics methods="21" coveredmethods="12" conditionals="0" coveredconditionals="0" statements="255" coveredstatements="119" elements="276" coveredelements="131"/>
      </class>
      <line num="191" type="method" name="__construct" crap="1" count="2"/>
      <line num="193" type="stmt" count="2"/>
      <line num="195" type="stmt" count="2"/>
      <line num="197" type="stmt" count="2"/>
      <line num="210" type="method" name="init" crap="2.02" count="2"/>
      <line num="213" type="stmt" count="2"/>
      <line num="214" type="stmt" count="2"/>
      <line num="215" type="stmt" count="0"/>
      <line num="216" type="stmt" count="0"/>
      <line num="219" type="stmt" count="2"/>
      <line num="220" type="stmt" count="2"/>
      <line num="221" type="stmt" count="2"/>
      <line num="222" type="stmt" count="2"/>
      <line num="223" type="stmt" count="2"/>
      <line num="228" type="stmt" count="2"/>
      <line num="230" type="stmt" count="2"/>
      <line num="248" type="method" name="render" crap="6.97" count="2"/>
      <line num="250" type="stmt" count="2"/>
      <line num="251" type="stmt" count="2"/>
      <line num="254" type="stmt" count="2"/>
      <line num="257" type="stmt" count="2"/>
      <line num="258" type="stmt" count="2"/>
      <line num="259" type="stmt" count="0"/>
      <line num="260" type="stmt" count="0"/>
      <line num="261" type="stmt" count="0"/>
      <line num="262" type="stmt" count="0"/>
      <line num="263" type="stmt" count="0"/>
      <line num="265" type="stmt" count="0"/>
      <line num="266" type="stmt" count="0"/>
      <line num="270" type="stmt" count="2"/>
      <line num="271" type="stmt" count="2"/>
      <line num="272" type="stmt" count="0"/>
      <line num="273" type="stmt" count="0"/>
      <line num="278" type="stmt" count="2"/>
      <line num="280" type="stmt" count="2"/>
      <line num="284" type="stmt" count="2"/>
      <line num="285" type="stmt" count="2"/>
      <line num="290" type="stmt" count="2"/>
      <line num="304" type="method" name="yield" crap="2" count="2"/>
      <line num="306" type="stmt" count="2"/>
      <line num="308" type="stmt" count="2"/>
      <line num="310" type="stmt" count="2"/>
      <line num="314" type="stmt" count="2"/>
      <line num="337" type="method" name="set_block" crap="2" count="2"/>
      <line num="339" type="stmt" count="2"/>
      <line num="340" type="stmt" count="2"/>
      <line num="341" type="stmt" count="2"/>
      <line num="342" type="stmt" count="2"/>
      <line num="344" type="stmt" count="2"/>
      <line num="368" type="method" name="block" crap="6.77" count="2"/>
      <line num="370" type="stmt" count="2"/>
      <line num="371" type="stmt" count="2"/>
      <line num="372" type="stmt" count="0"/>
      <line num="373" type="stmt" count="0"/>
      <line num="376" type="stmt" count="2"/>
      <line num="377" type="stmt" count="2"/>
      <line num="378" type="stmt" count="0"/>
      <line num="379" type="stmt" count="0"/>
      <line num="383" type="stmt" count="2"/>
      <line num="384" type="stmt" count="2"/>
      <line num="385" type="stmt" count="2"/>
      <line num="386" type="stmt" count="2"/>
      <line num="390" type="stmt" count="0"/>
      <line num="393" type="stmt" count="2"/>
      <line num="395" type="stmt" count="2"/>
      <line num="397" type="stmt" count="2"/>
      <line num="400" type="stmt" count="2"/>
      <line num="402" type="stmt" count="2"/>
      <line num="422" type="method" name="add_theme_path" crap="42" count="0"/>
      <line num="424" type="stmt" count="0"/>
      <line num="425" type="stmt" count="0"/>
      <line num="426" type="stmt" count="0"/>
      <line num="430" type="stmt" count="0"/>
      <line num="431" type="stmt" count="0"/>
      <line num="432" type="stmt" count="0"/>
      <line num="433" type="stmt" count="0"/>
      <line num="436" type="stmt" count="0"/>
      <line num="437" type="stmt" count="0"/>
      <line num="438" type="stmt" count="0"/>
      <line num="442" type="stmt" count="0"/>
      <line num="443" type="stmt" count="0"/>
      <line num="444" type="stmt" count="0"/>
      <line num="445" type="stmt" count="0"/>
      <line num="449" type="stmt" count="0"/>
      <line num="450" type="stmt" count="0"/>
      <line num="467" type="method" name="remove_theme_path" crap="20" count="0"/>
      <line num="469" type="stmt" count="0"/>
      <line num="470" type="stmt" count="0"/>
      <line num="471" type="stmt" count="0"/>
      <line num="474" type="stmt" count="0"/>
      <line num="475" type="stmt" count="0"/>
      <line num="476" type="stmt" count="0"/>
      <line num="477" type="stmt" count="0"/>
      <line num="479" type="stmt" count="0"/>
      <line num="495" type="method" name="set_theme" crap="6.44" count="2"/>
      <line num="497" type="stmt" count="2"/>
      <line num="498" type="stmt" count="2"/>
      <line num="499" type="stmt" count="0"/>
      <line num="503" type="stmt" count="2"/>
      <line num="504" type="stmt" count="2"/>
      <line num="505" type="stmt" count="2"/>
      <line num="506" type="stmt" count="2"/>
      <line num="508" type="stmt" count="2"/>
      <line num="511" type="stmt" count="2"/>
      <line num="512" type="stmt" count="2"/>
      <line num="513" type="stmt" count="0"/>
      <line num="514" type="stmt" count="0"/>
      <line num="516" type="stmt" count="2"/>
      <line num="531" type="method" name="set_default_theme" crap="20" count="0"/>
      <line num="533" type="stmt" count="0"/>
      <line num="534" type="stmt" count="0"/>
      <line num="535" type="stmt" count="0"/>
      <line num="539" type="stmt" count="0"/>
      <line num="540" type="stmt" count="0"/>
      <line num="541" type="stmt" count="0"/>
      <line num="542" type="stmt" count="0"/>
      <line num="544" type="stmt" count="0"/>
      <line num="546" type="stmt" count="0"/>
      <line num="559" type="method" name="theme" crap="6" count="0"/>
      <line num="561" type="stmt" count="0"/>
      <line num="576" type="method" name="theme_url" crap="6" count="0"/>
      <line num="578" type="stmt" count="0"/>
      <line num="581" type="stmt" count="0"/>
      <line num="584" type="stmt" count="0"/>
      <line num="587" type="stmt" count="0"/>
      <line num="588" type="stmt" count="0"/>
      <line num="590" type="stmt" count="0"/>
      <line num="607" type="method" name="set_view" crap="3.07" count="2"/>
      <line num="609" type="stmt" count="2"/>
      <line num="610" type="stmt" count="2"/>
      <line num="611" type="stmt" count="0"/>
      <line num="614" type="stmt" count="2"/>
      <line num="615" type="stmt" count="2"/>
      <line num="629" type="method" name="set" crap="6.81" count="2"/>
      <line num="635" type="stmt" count="2"/>
      <line num="636" type="stmt" count="2"/>
      <line num="637" type="stmt" count="2"/>
      <line num="639" type="stmt" count="2"/>
      <line num="640" type="stmt" count="2"/>
      <line num="641" type="stmt" count="2"/>
      <line num="645" type="stmt" count="0"/>
      <line num="646" type="stmt" count="0"/>
      <line num="647" type="stmt" count="0"/>
      <line num="648" type="stmt" count="0"/>
      <line num="651" type="stmt" count="0"/>
      <line num="655" type="stmt" count="2"/>
      <line num="670" type="method" name="get" crap="6.00" count="2"/>
      <line num="672" type="stmt" count="2"/>
      <line num="673" type="stmt" count="2"/>
      <line num="674" type="stmt" count="0"/>
      <line num="678" type="stmt" count="2"/>
      <line num="679" type="stmt" count="2"/>
      <line num="680" type="stmt" count="2"/>
      <line num="682" type="stmt" count="0"/>
      <line num="683" type="stmt" count="0"/>
      <line num="684" type="stmt" count="0"/>
      <line num="687" type="stmt" count="0"/>
      <line num="699" type="method" name="parse_views" crap="2" count="0"/>
      <line num="701" type="stmt" count="0"/>
      <line num="703" type="stmt" count="0"/>
      <line num="722" type="method" name="set_message" crap="12" count="0"/>
      <line num="724" type="stmt" count="0"/>
      <line num="725" type="stmt" count="0"/>
      <line num="726" type="stmt" count="0"/>
      <line num="727" type="stmt" count="0"/>
      <line num="728" type="stmt" count="0"/>
      <line num="729" type="stmt" count="0"/>
      <line num="731" type="stmt" count="0"/>
      <line num="732" type="stmt" count="0"/>
      <line num="734" type="stmt" count="0"/>
      <line num="752" type="method" name="message" crap="56" count="0"/>
      <line num="755" type="stmt" count="0"/>
      <line num="756" type="stmt" count="0"/>
      <line num="757" type="stmt" count="0"/>
      <line num="759" type="stmt" count="0"/>
      <line num="760" type="stmt" count="0"/>
      <line num="762" type="stmt" count="0"/>
      <line num="763" type="stmt" count="0"/>
      <line num="764" type="stmt" count="0"/>
      <line num="766" type="stmt" count="0"/>
      <line num="767" type="stmt" count="0"/>
      <line num="768" type="stmt" count="0"/>
      <line num="771" type="stmt" count="0"/>
      <line num="772" type="stmt" count="0"/>
      <line num="773" type="stmt" count="0"/>
      <line num="774" type="stmt" count="0"/>
      <line num="775" type="stmt" count="0"/>
      <line num="778" type="stmt" count="0"/>
      <line num="779" type="stmt" count="0"/>
      <line num="780" type="stmt" count="0"/>
      <line num="783" type="stmt" count="0"/>
      <line num="784" type="stmt" count="0"/>
      <line num="788" type="stmt" count="0"/>
      <line num="789" type="stmt" count="0"/>
      <line num="790" type="stmt" count="0"/>
      <line num="791" type="stmt" count="0"/>
      <line num="793" type="stmt" count="0"/>
      <line num="810" type="method" name="redirect" crap="6" count="0"/>
      <line num="812" type="stmt" count="0"/>
      <line num="814" type="stmt" count="0"/>
      <line num="815" type="stmt" count="0"/>
      <line num="835" type="method" name="load_view" crap="29.89" count="2"/>
      <line num="837" type="stmt" count="2"/>
      <line num="840" type="stmt" count="2"/>
      <line num="843" type="stmt" count="2"/>
      <line num="845" type="stmt" count="2"/>
      <line num="848" type="stmt" count="2"/>
      <line num="849" type="stmt" count="2"/>
      <line num="850" type="stmt" count="2"/>
      <line num="851" type="stmt" count="2"/>
      <line num="853" type="stmt" count="2"/>
      <line num="859" type="stmt" count="2"/>
      <line num="862" type="stmt" count="2"/>
      <line num="863" type="stmt" count="2"/>
      <line num="866" type="stmt" count="2"/>
      <line num="867" type="stmt" count="2"/>
      <line num="869" type="stmt" count="0"/>
      <line num="870" type="stmt" count="0"/>
      <line num="871" type="stmt" count="0"/>
      <line num="872" type="stmt" count="0"/>
      <line num="875" type="stmt" count="0"/>
      <line num="877" type="stmt" count="0"/>
      <line num="878" type="stmt" count="0"/>
      <line num="879" type="stmt" count="0"/>
      <line num="880" type="stmt" count="0"/>
      <line num="882" type="stmt" count="0"/>
      <line num="883" type="stmt" count="0"/>
      <line num="884" type="stmt" count="0"/>
      <line num="885" type="stmt" count="0"/>
      <line num="886" type="stmt" count="0"/>
      <line num="887" type="stmt" count="0"/>
      <line num="888" type="stmt" count="0"/>
      <line num="890" type="stmt" count="0"/>
      <line num="891" type="stmt" count="0"/>
      <line num="892" type="stmt" count="0"/>
      <line num="894" type="stmt" count="0"/>
      <line num="895" type="stmt" count="0"/>
      <line num="898" type="stmt" count="2"/>
      <line num="900" type="stmt" count="2"/>
      <line num="905" type="stmt" count="2"/>
      <line num="907" type="stmt" count="2"/>
      <line num="926" type="method" name="find_file" crap="15.72" count="2"/>
      <line num="928" type="stmt" count="2"/>
      <line num="929" type="stmt" count="2"/>
      <line num="930" type="stmt" count="2"/>
      <line num="933" type="stmt" count="2"/>
      <line num="934" type="stmt" count="2"/>
      <line num="936" type="stmt" count="2"/>
      <line num="937" type="stmt" count="2"/>
      <line num="938" type="stmt" count="2"/>
      <line num="939" type="stmt" count="2"/>
      <line num="942" type="stmt" count="2"/>
      <line num="947" type="stmt" count="2"/>
      <line num="949" type="stmt" count="2"/>
      <line num="950" type="stmt" count="2"/>
      <line num="951" type="stmt" count="2"/>
      <line num="952" type="stmt" count="2"/>
      <line num="953" type="stmt" count="2"/>
      <line num="958" type="stmt" count="2"/>
      <line num="959" type="stmt" count="2"/>
      <line num="960" type="stmt" count="2"/>
      <line num="961" type="stmt" count="0"/>
      <line num="963" type="stmt" count="0"/>
      <line num="964" type="stmt" count="0"/>
      <line num="965" type="stmt" count="2"/>
      <line num="969" type="stmt" count="2"/>
      <line num="970" type="stmt" count="2"/>
      <line num="971" type="stmt" count="2"/>
      <line num="976" type="stmt" count="2"/>
      <line num="979" type="stmt" count="2"/>
      <line num="980" type="stmt" count="2"/>
      <line num="981" type="stmt" count="0"/>
      <line num="982" type="stmt" count="0"/>
      <line num="984" type="stmt" count="2"/>
      <line num="989" type="stmt" count="2"/>
      <line num="991" type="stmt" count="2"/>
      <line num="1019" type="stmt" count="2"/>
      <line num="1021" type="stmt" count="2"/>
      <line num="1023" type="stmt" count="2"/>
      <line num="1025" type="stmt" count="2"/>
      <line num="1029" type="stmt" count="2"/>
      <line num="1030" type="stmt" count="2"/>
      <line num="1031" type="stmt" count="2"/>
      <line num="1033" type="stmt" count="2"/>
      <line num="1034" type="stmt" count="2"/>
      <line num="1035" type="stmt" count="0"/>
      <line num="1036" type="stmt" count="0"/>
      <line num="1037" type="stmt" count="2"/>
      <line num="1041" type="stmt" count="2"/>
      <line num="1042" type="stmt" count="2"/>
      <line num="1043" type="stmt" count="2"/>
      <line num="1044" type="stmt" count="2"/>
      <line num="1046" type="stmt" count="2"/>
      <line num="1069" type="stmt" count="2"/>
      <line num="1071" type="stmt" count="0"/>
      <line num="1073" type="stmt" count="0"/>
      <line num="1074" type="stmt" count="0"/>
      <line num="1075" type="stmt" count="0"/>
      <line num="1078" type="stmt" count="0"/>
      <line num="1094" type="stmt" count="2"/>
      <line num="1096" type="stmt" count="0"/>
      <line num="1098" type="stmt" count="0"/>
      <line num="1100" type="stmt" count="0"/>
      <line num="1101" type="stmt" count="0"/>
      <line num="1102" type="stmt" count="0"/>
      <line num="1103" type="stmt" count="0"/>
      <line num="1106" type="stmt" count="0"/>
      <line num="1109" type="stmt" count="0"/>
      <line num="1110" type="stmt" count="0"/>
      <line num="1111" type="stmt" count="0"/>
      <line num="1114" type="stmt" count="0"/>
      <line num="1132" type="stmt" count="2"/>
      <line num="1134" type="stmt" count="0"/>
      <line num="1136" type="stmt" count="0"/>
      <line num="1138" type="stmt" count="0"/>
      <line num="1139" type="stmt" count="0"/>
      <line num="1140" type="stmt" count="0"/>
      <line num="1141" type="stmt" count="0"/>
      <line num="1144" type="stmt" count="0"/>
      <line num="1145" type="stmt" count="0"/>
      <line num="1146" type="stmt" count="0"/>
      <line num="1147" type="stmt" count="0"/>
      <line num="1150" type="stmt" count="0"/>
      <line num="1153" type="stmt" count="0"/>
      <line num="1154" type="stmt" count="0"/>
      <line num="1155" type="stmt" count="0"/>
      <line num="1156" type="stmt" count="0"/>
      <line num="1159" type="stmt" count="0"/>
      <line num="1160" type="stmt" count="0"/>
      <line num="1161" type="stmt" count="0"/>
      <line num="1162" type="stmt" count="0"/>
      <line num="1163" type="stmt" count="0"/>
      <line num="1166" type="stmt" count="0"/>
      <line num="1167" type="stmt" count="0"/>
      <line num="1170" type="stmt" count="0"/>
      <line num="1172" type="stmt" count="0"/>
      <line num="1173" type="stmt" count="0"/>
      <line num="1174" type="stmt" count="0"/>
      <line num="1175" type="stmt" count="0"/>
      <line num="1178" type="stmt" count="0"/>
      <line num="1181" type="stmt" count="0"/>
      <line num="1182" type="stmt" count="0"/>
      <line num="1183" type="stmt" count="0"/>
      <line num="1184" type="stmt" count="0"/>
      <line num="1185" type="stmt" count="0"/>
      <line num="1188" type="stmt" count="0"/>
      <line num="1191" type="stmt" count="0"/>
      <line num="1192" type="stmt" count="0"/>
      <line num="1195" type="stmt" count="0"/>
      <line num="1196" type="stmt" count="0"/>
      <line num="1197" type="stmt" count="0"/>
      <line num="1199" type="stmt" count="0"/>
      <line num="1200" type="stmt" count="0"/>
      <line num="1202" type="stmt" count="0"/>
      <line num="1203" type="stmt" count="0"/>
      <line num="1204" type="stmt" count="0"/>
      <line num="1205" type="stmt" count="0"/>
      <line num="1206" type="stmt" count="0"/>
      <line num="1207" type="stmt" count="0"/>
      <line num="1210" type="stmt" count="0"/>
      <line num="1212" type="stmt" count="0"/>
      <line num="1215" type="stmt" count="0"/>
      <line num="1216" type="stmt" count="0"/>
      <line num="1217" type="stmt" count="0"/>
      <line num="1218" type="stmt" count="0"/>
      <line num="1221" type="stmt" count="0"/>
      <line num="1224" type="stmt" count="0"/>
      <line num="1225" type="stmt" count="0"/>
      <line num="1229" type="stmt" count="0"/>
      <line num="1231" type="stmt" count="0"/>
      <line num="1232" type="stmt" count="0"/>
      <line num="1234" type="stmt" count="0"/>
      <line num="1235" type="stmt" count="0"/>
      <line num="1236" type="stmt" count="0"/>
      <line num="1237" type="stmt" count="0"/>
      <line num="1238" type="stmt" count="0"/>
      <line num="1239" type="stmt" count="0"/>
      <line num="1242" type="stmt" count="0"/>
      <line num="1245" type="stmt" count="0"/>
      <line num="1249" type="stmt" count="0"/>
      <line num="1250" type="stmt" count="0"/>
      <line num="1251" type="stmt" count="0"/>
      <line num="1252" type="stmt" count="0"/>
      <line num="1255" type="stmt" count="0"/>
      <line num="1259" type="stmt" count="0"/>
      <line num="1262" type="stmt" count="0"/>
      <line num="1263" type="stmt" count="0"/>
      <line num="1264" type="stmt" count="0"/>
      <line num="1265" type="stmt" count="0"/>
      <line num="1267" type="stmt" count="0"/>
      <line num="1269" type="stmt" count="0"/>
      <line num="1270" type="stmt" count="0"/>
      <line num="1271" type="stmt" count="0"/>
      <line num="1272" type="stmt" count="0"/>
      <line num="1273" type="stmt" count="0"/>
      <line num="1276" type="stmt" count="0"/>
      <line num="1279" type="stmt" count="0"/>
      <line num="1285" type="stmt" count="2"/>
      <metrics loc="1284" ncloc="586" classes="1" methods="21" coveredmethods="3" conditionals="0" coveredconditionals="0" statements="376" coveredstatements="137" elements="397" coveredelements="140"/>
    </file>
[...]
      <line num="72" type="stmt" count="0"/>
      <line num="75" type="stmt" count="0"/>
      <line num="76" type="stmt" count="0"/>
      <line num="77" type="stmt" count="0"/>
      <line num="78" type="stmt" count="0"/>
      <line num="79" type="stmt" count="0"/>
      <line num="82" type="method" name="config" crap="2" count="0"/>
      <line num="83" type="stmt" count="0"/>
      <line num="87" type="method" name="database" crap="56" count="0"/>
      <line num="89" type="stmt" count="0"/>
      <line num="90" type="stmt" count="0"/>
      <line num="92" type="stmt" count="0"/>
      <line num="94" type="stmt" count="0"/>
      <line num="96" type="stmt" count="0"/>
      <line num="98" type="stmt" count="0"/>
      <line num="102" type="method" name="helper" crap="5.26" count="2"/>
      <line num="104" type="stmt" count="2"/>
      <line num="106" type="stmt" count="2"/>
      <line num="108" type="stmt" count="2"/>
      <line num="110" type="stmt" count="2"/>
      <line num="112" type="stmt" count="0"/>
      <line num="113" type="stmt" count="0"/>
      <line num="114" type="stmt" count="0"/>
      <line num="117" type="method" name="helpers" crap="2" count="2"/>
      <line num="118" type="stmt" count="2"/>
      <line num="119" type="stmt" count="2"/>
      <line num="122" type="method" name="language" crap="2" count="0"/>
      <line num="123" type="stmt" count="0"/>
      <line num="126" type="method" name="languages" crap="6" count="0"/>
      <line num="127" type="stmt" count="0"/>
      <line num="128" type="stmt" count="0"/>
      <line num="131" type="method" name="library" crap="8.60" count="2"/>
      <line num="133" type="stmt" count="2"/>
      <line num="135" type="stmt" count="2"/>
      <line num="137" type="stmt" count="2"/>
      <line num="138" type="stmt" count="2"/>
      <line num="140" type="stmt" count="2"/>
      <line num="142" type="stmt" count="2"/>
      <line num="145" type="stmt" count="2"/>
      <line num="146" type="stmt" count="2"/>
      <line num="147" type="stmt" count="2"/>
      <line num="148" type="stmt" count="2"/>
      <line num="150" type="stmt" count="2"/>
      <line num="152" type="stmt" count="2"/>
      <line num="153" type="stmt" count="2"/>
      <line num="155" type="stmt" count="2"/>
      <line num="157" type="stmt" count="0"/>
      <line num="159" type="stmt" count="0"/>
      <line num="160" type="stmt" count="0"/>
      <line num="162" type="stmt" count="0"/>
      <line num="165" type="stmt" count="2"/>
      <line num="169" type="method" name="libraries" crap="2" count="2"/>
      <line num="170" type="stmt" count="2"/>
      <line num="171" type="stmt" count="2"/>
      <line num="174" type="method" name="model" crap="77.24" count="2"/>
      <line num="176" type="stmt" count="2"/>
      <line num="178" type="stmt" count="0"/>
      <line num="180" type="stmt" count="0"/>
      <line num="181" type="stmt" count="0"/>
      <line num="184" type="stmt" count="0"/>
      <line num="186" type="stmt" count="0"/>
      <line num="189" type="stmt" count="0"/>
      <line num="191" type="stmt" count="0"/>
      <line num="193" type="stmt" count="0"/>
      <line num="195" type="stmt" count="0"/>
      <line num="196" type="stmt" count="0"/>
      <line num="197" type="stmt" count="0"/>
      <line num="198" type="stmt" count="0"/>
      <line num="200" type="stmt" count="0"/>
      <line num="202" type="stmt" count="0"/>
      <line num="203" type="stmt" count="0"/>
      <line num="205" type="stmt" count="0"/>
      <line num="208" type="stmt" count="0"/>
      <line num="212" type="method" name="models" crap="2" count="2"/>
      <line num="213" type="stmt" count="2"/>
      <line num="214" type="stmt" count="2"/>
      <line num="217" type="method" name="module" crap="6" count="0"/>
      <line num="219" type="stmt" count="0"/>
      <line num="221" type="stmt" count="0"/>
      <line num="222" type="stmt" count="0"/>
      <line num="223" type="stmt" count="0"/>
      <line num="227" type="method" name="modules" crap="6" count="0"/>
      <line num="228" type="stmt" count="0"/>
      <line num="229" type="stmt" count="0"/>
      <line num="232" type="method" name="plugin" crap="20" count="0"/>
      <line num="234" type="stmt" count="0"/>
      <line num="236" type="stmt" count="0"/>
      <line num="237" type="stmt" count="0"/>
      <line num="239" type="stmt" count="0"/>
      <line num="241" type="stmt" count="0"/>
      <line num="243" type="stmt" count="0"/>
      <line num="244" type="stmt" count="0"/>
      <line num="245" type="stmt" count="0"/>
      <line num="248" type="method" name="plugins" crap="6" count="0"/>
      <line num="249" type="stmt" count="0"/>
      <line num="250" type="stmt" count="0"/>
      <line num="253" type="method" name="view" crap="1" count="2"/>
      <line num="254" type="stmt" count="2"/>
      <line num="255" type="stmt" count="2"/>
      <line num="256" type="stmt" count="2"/>
      <line num="259" type="method" name="_ci_is_instance" crap="2" count="0"/>
      <line num="261" type="method" name="_ci_get_component" crap="1" count="2"/>
      <line num="262" type="stmt" count="2"/>
      <line num="265" type="method" name="__get" crap="6" count="0"/>
      <line num="266" type="stmt" count="0"/>
      <line num="269" type="method" name="_ci_load" crap="13.66" count="2"/>
      <line num="271" type="stmt" count="2"/>
      <line num="272" type="stmt" count="2"/>
      <line num="273" type="stmt" count="2"/>
      <line num="275" type="stmt" count="2"/>
      <line num="276" type="stmt" count="2"/>
      <line num="277" type="stmt" count="2"/>
      <line num="278" type="stmt" count="2"/>
      <line num="279" type="stmt" count="2"/>
      <line num="282" type="stmt" count="2"/>
      <line num="283" type="stmt" count="2"/>
      <line num="285" type="stmt" count="2"/>
      <line num="286" type="stmt" count="2"/>
      <line num="288" type="stmt" count="2"/>
      <line num="290" type="stmt" count="2"/>
      <line num="292" type="stmt" count="2"/>
      <line num="293" type="stmt" count="0"/>
      <line num="294" type="stmt" count="0"/>
      <line num="295" type="stmt" count="2"/>
      <line num="298" type="stmt" count="2"/>
      <line num="300" type="stmt" count="2"/>
      <line num="302" type="stmt" count="0"/>
      <line num="303" type="stmt" count="0"/>
      <line num="304" type="stmt" count="0"/>
      <line num="305" type="stmt" count="0"/>
      <line num="307" type="stmt" count="0"/>
      <line num="310" type="method" name="_autoloader" crap="313.75" count="2"/>
      <line num="312" type="stmt" count="2"/>
      <line num="314" type="stmt" count="2"/>
      <line num="315" type="stmt" count="2"/>
      <line num="318" type="stmt" count="2"/>
      <line num="319" type="stmt" count="2"/>
      <line num="322" type="stmt" count="2"/>
      <line num="325" type="stmt" count="0"/>
      <line num="326" type="stmt" count="0"/>
      <line num="327" type="stmt" count="0"/>
      <line num="328" type="stmt" count="0"/>
      <line num="329" type="stmt" count="0"/>
      <line num="332" type="stmt" count="0"/>
      <line num="333" type="stmt" count="0"/>
      <line num="334" type="stmt" count="0"/>
      <line num="335" type="stmt" count="0"/>
      <line num="336" type="stmt" count="0"/>
      <line num="339" type="stmt" count="0"/>
      <line num="340" type="stmt" count="0"/>
      <line num="341" type="stmt" count="0"/>
      <line num="342" type="stmt" count="0"/>
      <line num="343" type="stmt" count="0"/>
      <line num="344" type="stmt" count="0"/>
      <line num="345" type="stmt" count="0"/>
      <line num="348" type="stmt" count="0"/>
      <line num="349" type="stmt" count="0"/>
      <line num="351" type="stmt" count="0"/>
      <line num="352" type="stmt" count="0"/>
      <line num="353" type="stmt" count="0"/>
      <line num="354" type="stmt" count="0"/>
      <line num="355" type="stmt" count="0"/>
      <line num="356" type="stmt" count="0"/>
      <line num="357" type="stmt" count="0"/>
      <line num="360" type="stmt" count="0"/>
      <line num="361" type="stmt" count="0"/>
      <line num="362" type="stmt" count="0"/>
      <line num="363" type="stmt" count="0"/>
      <line num="366" type="stmt" count="0"/>
      <line num="367" type="stmt" count="0"/>
      <line num="368" type="stmt" count="0"/>
      <line num="369" type="stmt" count="0"/>
      <line num="370" type="stmt" count="0"/>
      <line num="373" type="stmt" count="0"/>
      <line num="374" type="stmt" count="0"/>
      <line num="375" type="stmt" count="0"/>
      <line num="376" type="stmt" count="0"/>
      <line num="377" type="stmt" count="0"/>
      <line num="378" type="stmt" count="0"/>
      <line num="382" type="stmt" count="2"/>
      <metrics loc="381" ncloc="312" classes="1" methods="23" coveredmethods="6" conditionals="0" coveredconditionals="0" statements="171" coveredstatements="59" elements="194" coveredelements="65"/>
    </file>
    <file name="/Users/Erick/github/wusic_admin/application/third_party/MX/Modules.php">
      <class name="Modules" namespace="global">
        <metrics methods="6" coveredmethods="3" conditionals="0" coveredconditionals="0" statements="87" coveredstatements="29" elements="93" coveredelements="32"/>
      </class>
      <line num="0" type="stmt" count="2"/>
      <line num="3" type="stmt" count="2"/>
      <line num="6" type="stmt" count="2"/>
      <line num="7" type="stmt" count="2"/>
      <line num="8" type="stmt" count="2"/>
      <line num="11" type="stmt" count="2"/>
      <line num="54" type="method" name="run" crap="30" count="0"/>
      <line num="56" type="stmt" count="0"/>
      <line num="58" type="stmt" count="0"/>
      <line num="59" type="stmt" count="0"/>
      <line num="60" type="stmt" count="0"/>
      <line num="61" type="stmt" count="0"/>
      <line num="63" type="stmt" count="0"/>
      <line num="65" type="stmt" count="0"/>
      <line num="66" type="stmt" count="0"/>
      <line num="67" type="stmt" count="0"/>
      <line num="68" type="stmt" count="0"/>
      <line num="69" type="stmt" count="0"/>
      <line num="70" type="stmt" count="0"/>
      <line num="72" type="stmt" count="0"/>
      <line num="74" type="stmt" count="0"/>
      <line num="75" type="stmt" count="0"/>
      <line num="78" type="method" name="load" crap="20" count="0"/>
      <line num="80" type="stmt" count="0"/>
      <line num="83" type="stmt" count="0"/>
      <line num="86" type="stmt" count="0"/>
      <line num="89" type="stmt" count="0"/>
      <line num="92" type="stmt" count="0"/>
      <line num="95" type="stmt" count="0"/>
      <line num="98" type="stmt" count="0"/>
      <line num="101" type="stmt" count="0"/>
      <line num="102" type="stmt" count="0"/>
      <line num="105" type="stmt" count="0"/>
      <line num="106" type="stmt" count="0"/>
      <line num="107" type="stmt" count="0"/>
      <line num="111" type="method" name="autoload" crap="14.95" count="2"/>
      <line num="114" type="stmt" count="2"/>
      <line num="117" type="stmt" count="2"/>
      <line num="118" type="stmt" count="0"/>
      <line num="119" type="stmt" count="0"/>
      <line num="123" type="stmt" count="2"/>
      <line num="124" type="stmt" count="2"/>
      <line num="125" type="stmt" count="2"/>
      <line num="129" type="stmt" count="0"/>
      <line num="130" type="stmt" count="0"/>
      <line num="131" type="stmt" count="0"/>
      <line num="133" type="stmt" count="0"/>
      <line num="136" type="method" name="load_file" crap="30" count="0"/>
      <line num="138" type="stmt" count="0"/>
      <line num="139" type="stmt" count="0"/>
      <line num="141" type="stmt" count="0"/>
      <line num="142" type="stmt" count="0"/>
      <line num="143" type="stmt" count="0"/>
      <line num="144" type="stmt" count="0"/>
      <line num="146" type="stmt" count="0"/>
      <line num="147" type="stmt" count="0"/>
      <line num="150" type="stmt" count="0"/>
      <line num="152" type="stmt" count="0"/>
      <line num="153" type="stmt" count="0"/>
      <line num="155" type="stmt" count="0"/>
      <line num="157" type="stmt" count="0"/>
      <line num="158" type="stmt" count="0"/>
      <line num="167" type="method" name="find" crap="12.12" count="2"/>
      <line num="169" type="stmt" count="2"/>
      <line num="171" type="stmt" count="2"/>
      <line num="172" type="stmt" count="2"/>
      <line num="174" type="stmt" count="2"/>
      <line num="175" type="stmt" count="2"/>
      <line num="177" type="stmt" count="2"/>
      <line num="178" type="stmt" count="2"/>
      <line num="179" type="stmt" count="2"/>
      <line num="181" type="stmt" count="2"/>
      <line num="182" type="stmt" count="2"/>
      <line num="183" type="stmt" count="2"/>
      <line num="185" type="stmt" count="2"/>
      <line num="187" type="stmt" count="2"/>
      <line num="188" type="stmt" count="2"/>
      <line num="189" type="stmt" count="2"/>
      <line num="190" type="stmt" count="2"/>
      <line num="193" type="stmt" count="2"/>
      <line num="194" type="stmt" count="2"/>
      <line num="195" type="stmt" count="0"/>
      <line num="196" type="stmt" count="0"/>
      <line num="198" type="stmt" count="2"/>
      <line num="202" type="method" name="parse_routes" crap="30.52" count="2"/>
      <line num="205" type="stmt" count="2"/>
      <line num="206" type="stmt" count="2"/>
      <line num="207" type="stmt" count="2"/>
      <line num="208" type="stmt" count="2"/>
      <line num="210" type="stmt" count="2"/>
      <line num="213" type="stmt" count="0"/>
      <line num="215" type="stmt" count="0"/>
      <line num="217" type="stmt" count="0"/>
      <line num="218" type="stmt" count="0"/>
      <line num="219" type="stmt" count="0"/>
      <line num="220" type="stmt" count="0"/>
      <line num="222" type="stmt" count="0"/>
      <line num="224" type="stmt" count="0"/>
      <line num="225" type="stmt" count="0"/>
      <metrics loc="225" ncloc="160" classes="1" methods="6" coveredmethods="0" conditionals="0" coveredconditionals="0" statements="92" coveredstatements="34" elements="98" coveredelements="34"/>
    </file>
    <file name="/Users/Erick/github/wusic_admin/application/third_party/MX/Router.php">
      <class name="MX_Router" namespace="global" fullPackage="MX">
        <metrics methods="4" coveredmethods="4" conditionals="0" coveredconditionals="0" statements="45" coveredstatements="15" elements="49" coveredelements="19"/>
      </class>
      <line num="4" type="stmt" count="2"/>
      <line num="42" type="method" name="fetch_module" crap="1" count="2"/>
      <line num="43" type="stmt" count="2"/>
      <line num="46" type="method" name="_validate_request" crap="21.19" count="2"/>
      <line num="48" type="stmt" count="2"/>
      <line num="51" type="stmt" count="2"/>
      <line num="54" type="stmt" count="0"/>
      <line num="55" type="stmt" count="0"/>
      <line num="56" type="stmt" count="0"/>
      <line num="57" type="stmt" count="0"/>
      <line num="60" type="stmt" count="0"/>
      <line num="61" type="stmt" count="0"/>
      <line num="64" type="method" name="locate" crap="118.65" count="2"/>
      <line num="66" type="stmt" count="2"/>
      <line num="67" type="stmt" count="2"/>
      <line num="68" type="stmt" count="2"/>
      <line num="71" type="stmt" count="2"/>
      <line num="72" type="stmt" count="0"/>
      <line num="73" type="stmt" count="0"/>
      <line num="76" type="stmt" count="2"/>
      <line num="79" type="stmt" count="2"/>
      <line num="82" type="stmt" count="2"/>
      <line num="84" type="stmt" count="0"/>
      <line num="85" type="stmt" count="0"/>
      <line num="88" type="stmt" count="0"/>
      <line num="89" type="stmt" count="0"/>
      <line num="93" type="stmt" count="0"/>
      <line num="95" type="stmt" count="0"/>
      <line num="96" type="stmt" count="0"/>
      <line num="99" type="stmt" count="0"/>
      <line num="100" type="stmt" count="0"/>
      <line num="104" type="stmt" count="0"/>
      <line num="105" type="stmt" count="0"/>
      <line num="107" type="stmt" count="0"/>
      <line num="110" type="stmt" count="0"/>
      <line num="111" type="stmt" count="0"/>
      <line num="113" type="stmt" count="0"/>
      <line num="114" type="stmt" count="2"/>
      <line num="117" type="stmt" count="2"/>
      <line num="118" type="stmt" count="2"/>
      <line num="122" type="stmt" count="0"/>
      <line num="123" type="stmt" count="0"/>
      <line num="124" type="stmt" count="0"/>
      <line num="128" type="stmt" count="0"/>
      <line num="129" type="stmt" count="0"/>
      <line num="130" type="stmt" count="0"/>
      <line num="132" type="stmt" count="0"/>
      <line num="134" type="method" name="set_class" crap="1" count="2"/>
      <line num="135" type="stmt" count="2"/>
      <line num="136" type="stmt" count="2"/>
      <metrics loc="136" ncloc="87" classes="1" methods="4" coveredmethods="2" conditionals="0" coveredconditionals="0" statements="46" coveredstatements="16" elements="50" coveredelements="18"/>
    </file>
    <file name="/Users/Erick/github/wusic_admin/application/views/home/dashboard.php">
      <line num="3" type="stmt" count="2"/>
      <metrics loc="2" ncloc="2" classes="0" methods="0" coveredmethods="0" conditionals="0" coveredconditionals="0" statements="0" coveredstatements="0" elements="0" coveredelements="0"/>
    </file>
    <file name="/Users/Erick/github/wusic_admin/application/views/themes/default/general/alert.php">
      <metrics loc="33" ncloc="33" classes="0" methods="0" coveredmethods="0" conditionals="0" coveredconditionals="0" statements="0" coveredstatements="0" elements="0" coveredelements="0"/>
    </file>
    <file name="/Users/Erick/github/wusic_admin/application/views/themes/default/general/header.php">
      <line num="13" type="stmt" count="2"/>
      <metrics loc="12" ncloc="12" classes="0" methods="0" coveredmethods="0" conditionals="0" coveredconditionals="0" statements="0" coveredstatements="0" elements="0" coveredelements="0"/>
    </file>
    <file name="/Users/Erick/github/wusic_admin/application/views/themes/default/general/sidebar.php">
      <line num="11" type="stmt" count="2"/>
      <metrics loc="10" ncloc="9" classes="0" methods="0" coveredmethods="0" conditionals="0" coveredconditionals="0" statements="0" coveredstatements="0" elements="0" coveredelements="0"/>
    </file>
    <file name="/Users/Erick/github/wusic_admin/application/views/themes/default/index.php">
      <line num="19" type="stmt" count="2"/>
      <line num="28" type="stmt" count="2"/>
      <line num="29" type="stmt" count="2"/>
      <line num="52" type="stmt" count="2"/>
      <line num="280" type="stmt" count="2"/>
      <line num="281" type="stmt" count="2"/>
      <metrics loc="51" ncloc="51" classes="0" methods="0" coveredmethods="0" conditionals="0" coveredconditionals="0" statements="3" coveredstatements="3" elements="3" coveredelements="3"/>
    </file>
    <file name="/Users/Erick/github/wusic_admin/c3.php">
      <line num="0" type="stmt" count="2"/>
      <metrics loc="243" ncloc="217" classes="0" methods="0" coveredmethods="0" conditionals="0" coveredconditionals="0" statements="0" coveredstatements="0" elements="0" coveredelements="0"/>
    </file>
    <file name="/Users/Erick/github/wusic_admin/index.php">
      <line num="208" type="stmt" count="2"/>
      <line num="211" type="stmt" count="2"/>
      <metrics loc="210" ncloc="61" classes="0" methods="0" coveredmethods="0" conditionals="0" coveredconditionals="0" statements="1" coveredstatements="1" elements="1" coveredelements="1"/>
    </file>
    <metrics files="28" loc="5902" ncloc="3151" classes="13" methods="96" coveredmethods="17" conditionals="0" coveredconditionals="0" statements="1858" coveredstatements="828" elements="1954" coveredelements="845"/>
  </project>
</coverage>
